[2026-01-28T12:10:50.964+0000] {manager.py:483} INFO - Processing files using up to 2 processes at a time 
[2026-01-28T12:10:50.966+0000] {manager.py:484} INFO - Process each file at most once every 30 seconds
[2026-01-28T12:10:50.970+0000] {manager.py:485} INFO - Checking for new files in /opt/airflow/dags every 300 seconds
[2026-01-28T12:10:50.971+0000] {manager.py:821} INFO - Searching for files in /opt/airflow/dags
[2026-01-28T12:10:51.280+0000] {manager.py:824} INFO - There are 3 files in /opt/airflow/dags
[2026-01-28T12:10:53.335+0000] {manager.py:997} INFO - 
================================================================================
DAG File Processing Stats

File Path                                PID  Runtime      # DAGs    # Errors  Last Runtime    Last Run      Last # of DB Queries
-------------------------------------  -----  ---------  --------  ----------  --------------  ----------  ----------------------
/opt/airflow/dags/backup_dag.py                                 0           0                                                   0
/opt/airflow/dags/data_quality_dag.py    164  0.18s             0           0                                                   0
/opt/airflow/dags/youtube_etl.py         161  1.36s             0           0                                                   0
================================================================================
[2026-01-28T12:11:23.730+0000] {manager.py:997} INFO - 
================================================================================
DAG File Processing Stats

File Path                                PID  Runtime      # DAGs    # Errors  Last Runtime    Last Run               Last # of DB Queries
-------------------------------------  -----  ---------  --------  ----------  --------------  -------------------  ----------------------
/opt/airflow/dags/backup_dag.py                                 1           0  22.96s          2026-01-28T12:11:16                      26
/opt/airflow/dags/youtube_etl.py         176  0.02s             0           1  1.53s           2026-01-28T12:10:53                       3
/opt/airflow/dags/data_quality_dag.py                           0           1  1.00s           2026-01-28T12:10:54                       3
================================================================================
[2026-01-28T12:11:54.747+0000] {manager.py:997} INFO - 
================================================================================
DAG File Processing Stats

File Path                                PID  Runtime      # DAGs    # Errors  Last Runtime    Last Run               Last # of DB Queries
-------------------------------------  -----  ---------  --------  ----------  --------------  -------------------  ----------------------
/opt/airflow/dags/backup_dag.py          186  7.29s             1           0  22.96s          2026-01-28T12:11:16                      26
/opt/airflow/dags/data_quality_dag.py                           0           1  1.42s           2026-01-28T12:11:27                       5
/opt/airflow/dags/youtube_etl.py                                0           1  0.18s           2026-01-28T12:11:23                       5
================================================================================
[2026-01-28T12:12:25.440+0000] {manager.py:997} INFO - 
================================================================================
DAG File Processing Stats

File Path                              PID    Runtime      # DAGs    # Errors  Last Runtime    Last Run               Last # of DB Queries
-------------------------------------  -----  ---------  --------  ----------  --------------  -------------------  ----------------------
/opt/airflow/dags/backup_dag.py                                 1           0  18.97s          2026-01-28T12:12:06                      12
/opt/airflow/dags/data_quality_dag.py                           0           1  6.59s           2026-01-28T12:12:04                       5
/opt/airflow/dags/youtube_etl.py                                0           1  0.96s           2026-01-28T12:11:56                       5
================================================================================
[2026-01-28T12:12:55.751+0000] {manager.py:997} INFO - 
================================================================================
DAG File Processing Stats

File Path                              PID    Runtime      # DAGs    # Errors  Last Runtime    Last Run               Last # of DB Queries
-------------------------------------  -----  ---------  --------  ----------  --------------  -------------------  ----------------------
/opt/airflow/dags/youtube_etl.py                                0           1  3.06s           2026-01-28T12:12:30                       5
/opt/airflow/dags/backup_dag.py                                 1           0  0.82s           2026-01-28T12:12:37                      12
/opt/airflow/dags/data_quality_dag.py                           0           1  0.26s           2026-01-28T12:12:35                       5
================================================================================
[2026-01-28T12:13:26.342+0000] {manager.py:997} INFO - 
================================================================================
DAG File Processing Stats

File Path                              PID    Runtime      # DAGs    # Errors  Last Runtime    Last Run               Last # of DB Queries
-------------------------------------  -----  ---------  --------  ----------  --------------  -------------------  ----------------------
/opt/airflow/dags/data_quality_dag.py                           0           1  1.84s           2026-01-28T12:13:07                       5
/opt/airflow/dags/youtube_etl.py                                0           1  1.58s           2026-01-28T12:13:03                       5
/opt/airflow/dags/backup_dag.py                                 1           0  1.39s           2026-01-28T12:13:09                      12
================================================================================
[2026-01-28T12:13:57.063+0000] {manager.py:997} INFO - 
================================================================================
DAG File Processing Stats

File Path                              PID    Runtime      # DAGs    # Errors  Last Runtime    Last Run               Last # of DB Queries
-------------------------------------  -----  ---------  --------  ----------  --------------  -------------------  ----------------------
/opt/airflow/dags/backup_dag.py                                 1           0  16.27s          2026-01-28T12:13:56                      12
/opt/airflow/dags/data_quality_dag.py                           0           1  0.70s           2026-01-28T12:13:38                       5
/opt/airflow/dags/youtube_etl.py                                0           1  0.69s           2026-01-28T12:13:35                       5
================================================================================
[2026-01-28T12:14:27.103+0000] {manager.py:997} INFO - 
================================================================================
DAG File Processing Stats

File Path                                PID  Runtime      # DAGs    # Errors  Last Runtime    Last Run               Last # of DB Queries
-------------------------------------  -----  ---------  --------  ----------  --------------  -------------------  ----------------------
/opt/airflow/dags/backup_dag.py          256  0.65s             1           0  16.27s          2026-01-28T12:13:56                      12
/opt/airflow/dags/youtube_etl.py                                0           1  3.66s           2026-01-28T12:14:09                       5
/opt/airflow/dags/data_quality_dag.py                           0           1  0.99s           2026-01-28T12:14:10                       5
================================================================================
[2026-01-28T12:14:56.860+0000] {manager.py:997} INFO - 
================================================================================
DAG File Processing Stats

File Path                              PID    Runtime      # DAGs    # Errors  Last Runtime    Last Run               Last # of DB Queries
-------------------------------------  -----  ---------  --------  ----------  --------------  -------------------  ----------------------
/opt/airflow/dags/backup_dag.py                                 1           0  14.58s          2026-01-28T12:14:41                      12
/opt/airflow/dags/youtube_etl.py                                0           1  2.27s           2026-01-28T12:14:42                       5
/opt/airflow/dags/data_quality_dag.py                           0           1  1.18s           2026-01-28T12:14:42                       5
================================================================================
[2026-01-28T12:15:27.335+0000] {manager.py:997} INFO - 
================================================================================
DAG File Processing Stats

File Path                              PID    Runtime      # DAGs    # Errors  Last Runtime    Last Run               Last # of DB Queries
-------------------------------------  -----  ---------  --------  ----------  --------------  -------------------  ----------------------
/opt/airflow/dags/backup_dag.py                                 1           0  6.04s           2026-01-28T12:15:17                      12
/opt/airflow/dags/data_quality_dag.py                           0           1  1.98s           2026-01-28T12:15:17                       5
/opt/airflow/dags/youtube_etl.py                                0           1  1.09s           2026-01-28T12:15:15                       5
================================================================================
[2026-01-28T12:15:51.386+0000] {manager.py:821} INFO - Searching for files in /opt/airflow/dags
[2026-01-28T12:15:51.804+0000] {manager.py:824} INFO - There are 3 files in /opt/airflow/dags
[2026-01-28T12:15:59.113+0000] {manager.py:997} INFO - 
================================================================================
DAG File Processing Stats

File Path                                PID  Runtime      # DAGs    # Errors  Last Runtime    Last Run               Last # of DB Queries
-------------------------------------  -----  ---------  --------  ----------  --------------  -------------------  ----------------------
/opt/airflow/dags/backup_dag.py          294  10.56s            1           0  6.04s           2026-01-28T12:15:17                      12
/opt/airflow/dags/data_quality_dag.py                           0           1  4.10s           2026-01-28T12:15:51                       5
/opt/airflow/dags/youtube_etl.py                                0           1  0.69s           2026-01-28T12:15:46                       5
================================================================================
[2026-01-28T12:16:29.332+0000] {manager.py:997} INFO - 
================================================================================
DAG File Processing Stats

File Path                              PID    Runtime      # DAGs    # Errors  Last Runtime    Last Run               Last # of DB Queries
-------------------------------------  -----  ---------  --------  ----------  --------------  -------------------  ----------------------
/opt/airflow/dags/backup_dag.py                                 1           0  15.31s          2026-01-28T12:16:03                      12
/opt/airflow/dags/youtube_etl.py                                0           1  2.99s           2026-01-28T12:16:20                       5
/opt/airflow/dags/data_quality_dag.py                           0           1  0.75s           2026-01-28T12:16:24                       5
================================================================================
[2026-01-28T12:16:59.539+0000] {manager.py:997} INFO - 
================================================================================
DAG File Processing Stats

File Path                              PID    Runtime      # DAGs    # Errors  Last Runtime    Last Run               Last # of DB Queries
-------------------------------------  -----  ---------  --------  ----------  --------------  -------------------  ----------------------
/opt/airflow/dags/backup_dag.py                                 1           0  0.99s           2026-01-28T12:16:34                      12
/opt/airflow/dags/youtube_etl.py                                0           1  0.53s           2026-01-28T12:16:51                       5
/opt/airflow/dags/data_quality_dag.py                           0           1  0.28s           2026-01-28T12:16:54                       5
================================================================================
[2026-01-28T12:17:29.898+0000] {manager.py:997} INFO - 
================================================================================
DAG File Processing Stats

File Path                              PID    Runtime      # DAGs    # Errors  Last Runtime    Last Run               Last # of DB Queries
-------------------------------------  -----  ---------  --------  ----------  --------------  -------------------  ----------------------
/opt/airflow/dags/backup_dag.py                                 1           0  0.98s           2026-01-28T12:17:05                      12
/opt/airflow/dags/youtube_etl.py                                0           1  0.18s           2026-01-28T12:17:21                       5
/opt/airflow/dags/data_quality_dag.py                           0           1  0.13s           2026-01-28T12:17:24                       5
================================================================================
[2026-01-28T12:18:00.299+0000] {manager.py:997} INFO - 
================================================================================
DAG File Processing Stats

File Path                              PID    Runtime      # DAGs    # Errors  Last Runtime    Last Run               Last # of DB Queries
-------------------------------------  -----  ---------  --------  ----------  --------------  -------------------  ----------------------
/opt/airflow/dags/backup_dag.py                                 1           0  0.80s           2026-01-28T12:17:36                      12
/opt/airflow/dags/youtube_etl.py                                0           1  0.11s           2026-01-28T12:17:52                       5
/opt/airflow/dags/data_quality_dag.py                           0           1  0.10s           2026-01-28T12:17:55                       5
================================================================================
[2026-01-28T12:18:30.985+0000] {manager.py:997} INFO - 
================================================================================
DAG File Processing Stats

File Path                              PID    Runtime      # DAGs    # Errors  Last Runtime    Last Run               Last # of DB Queries
-------------------------------------  -----  ---------  --------  ----------  --------------  -------------------  ----------------------
/opt/airflow/dags/backup_dag.py                                 1           0  0.31s           2026-01-28T12:18:07                      12
/opt/airflow/dags/youtube_etl.py                                0           1  0.09s           2026-01-28T12:18:22                       5
/opt/airflow/dags/data_quality_dag.py                           0           1  0.09s           2026-01-28T12:18:26                       5
================================================================================
[2026-01-28T12:19:32.936+0000] {manager.py:483} INFO - Processing files using up to 2 processes at a time 
[2026-01-28T12:19:32.946+0000] {manager.py:484} INFO - Process each file at most once every 30 seconds
[2026-01-28T12:19:32.963+0000] {manager.py:485} INFO - Checking for new files in /opt/airflow/dags every 300 seconds
[2026-01-28T12:19:32.965+0000] {manager.py:821} INFO - Searching for files in /opt/airflow/dags
[2026-01-28T12:19:33.163+0000] {manager.py:824} INFO - There are 3 files in /opt/airflow/dags
[2026-01-28T12:19:34.685+0000] {manager.py:997} INFO - 
================================================================================
DAG File Processing Stats

File Path                                PID  Runtime      # DAGs    # Errors  Last Runtime    Last Run      Last # of DB Queries
-------------------------------------  -----  ---------  --------  ----------  --------------  ----------  ----------------------
/opt/airflow/dags/backup_dag.py                                 0           0                                                   0
/opt/airflow/dags/data_quality_dag.py    164  0.05s             0           0                                                   0
/opt/airflow/dags/youtube_etl.py         161  1.00s             0           0                                                   0
================================================================================
[2026-01-28T12:20:05.648+0000] {manager.py:997} INFO - 
================================================================================
DAG File Processing Stats

File Path                                PID  Runtime      # DAGs    # Errors  Last Runtime    Last Run               Last # of DB Queries
-------------------------------------  -----  ---------  --------  ----------  --------------  -------------------  ----------------------
/opt/airflow/dags/youtube_etl.py         176  0.04s             0           1  1.07s           2026-01-28T12:19:34                       5
/opt/airflow/dags/backup_dag.py                                 1           0  0.76s           2026-01-28T12:19:35                      12
/opt/airflow/dags/data_quality_dag.py    178  0.01s             0           1  0.17s           2026-01-28T12:19:34                       5
================================================================================
[2026-01-28T12:20:36.324+0000] {manager.py:997} INFO - 
================================================================================
DAG File Processing Stats

File Path                                PID  Runtime      # DAGs    # Errors  Last Runtime    Last Run               Last # of DB Queries
-------------------------------------  -----  ---------  --------  ----------  --------------  -------------------  ----------------------
/opt/airflow/dags/backup_dag.py                                 1           0  0.36s           2026-01-28T12:20:06                      12
/opt/airflow/dags/youtube_etl.py         191  0.04s             0           1  0.19s           2026-01-28T12:20:05                       5
/opt/airflow/dags/data_quality_dag.py    194  0.01s             0           1  0.16s           2026-01-28T12:20:05                       5
================================================================================
[2026-01-28T12:21:06.956+0000] {manager.py:997} INFO - 
================================================================================
DAG File Processing Stats

File Path                                PID  Runtime      # DAGs    # Errors  Last Runtime    Last Run               Last # of DB Queries
-------------------------------------  -----  ---------  --------  ----------  --------------  -------------------  ----------------------
/opt/airflow/dags/backup_dag.py                                 1           0  0.28s           2026-01-28T12:20:36                      12
/opt/airflow/dags/youtube_etl.py         206  0.15s             0           1  0.15s           2026-01-28T12:20:36                       5
/opt/airflow/dags/data_quality_dag.py    209  0.01s             0           1  0.12s           2026-01-28T12:20:36                       5
================================================================================
[2026-01-28T12:21:37.612+0000] {manager.py:997} INFO - 
================================================================================
DAG File Processing Stats

File Path                                PID  Runtime      # DAGs    # Errors  Last Runtime    Last Run               Last # of DB Queries
-------------------------------------  -----  ---------  --------  ----------  --------------  -------------------  ----------------------
/opt/airflow/dags/backup_dag.py                                 1           0  0.30s           2026-01-28T12:21:07                      12
/opt/airflow/dags/youtube_etl.py         221  0.04s             0           1  0.30s           2026-01-28T12:21:07                       5
/opt/airflow/dags/data_quality_dag.py    224  0.01s             0           1  0.15s           2026-01-28T12:21:07                       5
================================================================================
[2026-01-28T12:22:08.252+0000] {manager.py:997} INFO - 
================================================================================
DAG File Processing Stats

File Path                                PID  Runtime      # DAGs    # Errors  Last Runtime    Last Run               Last # of DB Queries
-------------------------------------  -----  ---------  --------  ----------  --------------  -------------------  ----------------------
/opt/airflow/dags/backup_dag.py                                 1           0  0.31s           2026-01-28T12:21:38                      12
/opt/airflow/dags/youtube_etl.py         236  0.04s             0           1  0.20s           2026-01-28T12:21:37                       5
/opt/airflow/dags/data_quality_dag.py    239  0.01s             0           1  0.17s           2026-01-28T12:21:37                       5
================================================================================
