[2026-01-28T12:10:54.012+0000] {processor.py:186} INFO - Started process (PID=169) to work on /opt/airflow/dags/backup_dag.py
[2026-01-28T12:10:54.078+0000] {processor.py:914} INFO - Processing file /opt/airflow/dags/backup_dag.py for tasks to queue
[2026-01-28T12:10:54.117+0000] {logging_mixin.py:190} INFO - [2026-01-28T12:10:54.116+0000] {dagbag.py:587} INFO - Filling up the DagBag from /opt/airflow/dags/backup_dag.py
[2026-01-28T12:11:13.823+0000] {processor.py:925} INFO - DAG(s) 'youtube_data_backup' retrieved from /opt/airflow/dags/backup_dag.py
[2026-01-28T12:11:16.158+0000] {logging_mixin.py:190} INFO - [2026-01-28T12:11:16.155+0000] {override.py:1858} INFO - Created Permission View: can edit on DAG:youtube_data_backup
[2026-01-28T12:11:16.182+0000] {logging_mixin.py:190} INFO - [2026-01-28T12:11:16.182+0000] {override.py:1858} INFO - Created Permission View: can delete on DAG:youtube_data_backup
[2026-01-28T12:11:16.195+0000] {logging_mixin.py:190} INFO - [2026-01-28T12:11:16.195+0000] {override.py:1858} INFO - Created Permission View: can read on DAG:youtube_data_backup
[2026-01-28T12:11:16.201+0000] {logging_mixin.py:190} INFO - [2026-01-28T12:11:16.200+0000] {dag.py:3211} INFO - Sync 1 DAGs
[2026-01-28T12:11:16.264+0000] {logging_mixin.py:190} INFO - [2026-01-28T12:11:16.264+0000] {dag.py:3234} INFO - Creating ORM DAG for youtube_data_backup
[2026-01-28T12:11:16.305+0000] {logging_mixin.py:190} INFO - [2026-01-28T12:11:16.304+0000] {dag.py:4138} INFO - Setting next_dagrun for youtube_data_backup to 2026-02-01 00:00:00+00:00, run_after=2026-02-08 00:00:00+00:00
[2026-01-28T12:11:16.388+0000] {processor.py:208} INFO - Processing /opt/airflow/dags/backup_dag.py took 22.689 seconds
[2026-01-28T12:11:55.065+0000] {processor.py:186} INFO - Started process (PID=186) to work on /opt/airflow/dags/backup_dag.py
[2026-01-28T12:11:55.086+0000] {processor.py:914} INFO - Processing file /opt/airflow/dags/backup_dag.py for tasks to queue
[2026-01-28T12:11:55.117+0000] {logging_mixin.py:190} INFO - [2026-01-28T12:11:55.111+0000] {dagbag.py:587} INFO - Filling up the DagBag from /opt/airflow/dags/backup_dag.py
[2026-01-28T12:11:58.160+0000] {processor.py:925} INFO - DAG(s) 'youtube_data_backup' retrieved from /opt/airflow/dags/backup_dag.py
[2026-01-28T12:12:01.875+0000] {logging_mixin.py:190} INFO - [2026-01-28T12:12:01.874+0000] {dag.py:3211} INFO - Sync 1 DAGs
[2026-01-28T12:12:05.112+0000] {logging_mixin.py:190} INFO - [2026-01-28T12:12:05.109+0000] {dag.py:4138} INFO - Setting next_dagrun for youtube_data_backup to 2026-02-01 00:00:00+00:00, run_after=2026-02-08 00:00:00+00:00
[2026-01-28T12:12:06.079+0000] {processor.py:208} INFO - Processing /opt/airflow/dags/backup_dag.py took 11.268 seconds
[2026-01-28T12:12:36.647+0000] {processor.py:186} INFO - Started process (PID=211) to work on /opt/airflow/dags/backup_dag.py
[2026-01-28T12:12:36.656+0000] {processor.py:914} INFO - Processing file /opt/airflow/dags/backup_dag.py for tasks to queue
[2026-01-28T12:12:36.661+0000] {logging_mixin.py:190} INFO - [2026-01-28T12:12:36.660+0000] {dagbag.py:587} INFO - Filling up the DagBag from /opt/airflow/dags/backup_dag.py
[2026-01-28T12:12:37.131+0000] {processor.py:925} INFO - DAG(s) 'youtube_data_backup' retrieved from /opt/airflow/dags/backup_dag.py
[2026-01-28T12:12:37.233+0000] {logging_mixin.py:190} INFO - [2026-01-28T12:12:37.233+0000] {dag.py:3211} INFO - Sync 1 DAGs
[2026-01-28T12:12:37.309+0000] {logging_mixin.py:190} INFO - [2026-01-28T12:12:37.309+0000] {dag.py:4138} INFO - Setting next_dagrun for youtube_data_backup to 2026-02-01 00:00:00+00:00, run_after=2026-02-08 00:00:00+00:00
[2026-01-28T12:12:37.398+0000] {processor.py:208} INFO - Processing /opt/airflow/dags/backup_dag.py took 0.790 seconds
[2026-01-28T12:13:08.159+0000] {processor.py:186} INFO - Started process (PID=226) to work on /opt/airflow/dags/backup_dag.py
[2026-01-28T12:13:08.174+0000] {processor.py:914} INFO - Processing file /opt/airflow/dags/backup_dag.py for tasks to queue
[2026-01-28T12:13:08.214+0000] {logging_mixin.py:190} INFO - [2026-01-28T12:13:08.205+0000] {dagbag.py:587} INFO - Filling up the DagBag from /opt/airflow/dags/backup_dag.py
[2026-01-28T12:13:08.763+0000] {processor.py:925} INFO - DAG(s) 'youtube_data_backup' retrieved from /opt/airflow/dags/backup_dag.py
[2026-01-28T12:13:08.964+0000] {logging_mixin.py:190} INFO - [2026-01-28T12:13:08.964+0000] {dag.py:3211} INFO - Sync 1 DAGs
[2026-01-28T12:13:09.134+0000] {logging_mixin.py:190} INFO - [2026-01-28T12:13:09.132+0000] {dag.py:4138} INFO - Setting next_dagrun for youtube_data_backup to 2026-02-01 00:00:00+00:00, run_after=2026-02-08 00:00:00+00:00
[2026-01-28T12:13:09.246+0000] {processor.py:208} INFO - Processing /opt/airflow/dags/backup_dag.py took 1.129 seconds
[2026-01-28T12:13:40.066+0000] {processor.py:186} INFO - Started process (PID=241) to work on /opt/airflow/dags/backup_dag.py
[2026-01-28T12:13:40.092+0000] {processor.py:914} INFO - Processing file /opt/airflow/dags/backup_dag.py for tasks to queue
[2026-01-28T12:13:40.095+0000] {logging_mixin.py:190} INFO - [2026-01-28T12:13:40.094+0000] {dagbag.py:587} INFO - Filling up the DagBag from /opt/airflow/dags/backup_dag.py
[2026-01-28T12:13:48.249+0000] {processor.py:925} INFO - DAG(s) 'youtube_data_backup' retrieved from /opt/airflow/dags/backup_dag.py
[2026-01-28T12:13:50.878+0000] {logging_mixin.py:190} INFO - [2026-01-28T12:13:50.872+0000] {dag.py:3211} INFO - Sync 1 DAGs
[2026-01-28T12:13:55.349+0000] {logging_mixin.py:190} INFO - [2026-01-28T12:13:55.316+0000] {dag.py:4138} INFO - Setting next_dagrun for youtube_data_backup to 2026-02-01 00:00:00+00:00, run_after=2026-02-08 00:00:00+00:00
[2026-01-28T12:13:55.933+0000] {processor.py:208} INFO - Processing /opt/airflow/dags/backup_dag.py took 15.872 seconds
[2026-01-28T12:14:27.428+0000] {processor.py:186} INFO - Started process (PID=256) to work on /opt/airflow/dags/backup_dag.py
[2026-01-28T12:14:27.446+0000] {processor.py:914} INFO - Processing file /opt/airflow/dags/backup_dag.py for tasks to queue
[2026-01-28T12:14:27.538+0000] {logging_mixin.py:190} INFO - [2026-01-28T12:14:27.528+0000] {dagbag.py:587} INFO - Filling up the DagBag from /opt/airflow/dags/backup_dag.py
[2026-01-28T12:14:39.773+0000] {processor.py:925} INFO - DAG(s) 'youtube_data_backup' retrieved from /opt/airflow/dags/backup_dag.py
[2026-01-28T12:14:39.978+0000] {logging_mixin.py:190} INFO - [2026-01-28T12:14:39.978+0000] {dag.py:3211} INFO - Sync 1 DAGs
[2026-01-28T12:14:40.267+0000] {logging_mixin.py:190} INFO - [2026-01-28T12:14:40.266+0000] {dag.py:4138} INFO - Setting next_dagrun for youtube_data_backup to 2026-02-01 00:00:00+00:00, run_after=2026-02-08 00:00:00+00:00
[2026-01-28T12:14:40.497+0000] {processor.py:208} INFO - Processing /opt/airflow/dags/backup_dag.py took 13.688 seconds
[2026-01-28T12:15:14.068+0000] {processor.py:186} INFO - Started process (PID=271) to work on /opt/airflow/dags/backup_dag.py
[2026-01-28T12:15:14.074+0000] {processor.py:914} INFO - Processing file /opt/airflow/dags/backup_dag.py for tasks to queue
[2026-01-28T12:15:14.086+0000] {logging_mixin.py:190} INFO - [2026-01-28T12:15:14.082+0000] {dagbag.py:587} INFO - Filling up the DagBag from /opt/airflow/dags/backup_dag.py
[2026-01-28T12:15:15.503+0000] {processor.py:925} INFO - DAG(s) 'youtube_data_backup' retrieved from /opt/airflow/dags/backup_dag.py
[2026-01-28T12:15:15.732+0000] {logging_mixin.py:190} INFO - [2026-01-28T12:15:15.729+0000] {dag.py:3211} INFO - Sync 1 DAGs
[2026-01-28T12:15:17.026+0000] {logging_mixin.py:190} INFO - [2026-01-28T12:15:17.025+0000] {dag.py:4138} INFO - Setting next_dagrun for youtube_data_backup to 2026-02-01 00:00:00+00:00, run_after=2026-02-08 00:00:00+00:00
[2026-01-28T12:15:17.510+0000] {processor.py:208} INFO - Processing /opt/airflow/dags/backup_dag.py took 4.285 seconds
[2026-01-28T12:15:50.418+0000] {processor.py:186} INFO - Started process (PID=294) to work on /opt/airflow/dags/backup_dag.py
[2026-01-28T12:15:50.937+0000] {processor.py:914} INFO - Processing file /opt/airflow/dags/backup_dag.py for tasks to queue
[2026-01-28T12:15:51.358+0000] {logging_mixin.py:190} INFO - [2026-01-28T12:15:51.230+0000] {dagbag.py:587} INFO - Filling up the DagBag from /opt/airflow/dags/backup_dag.py
[2026-01-28T12:16:00.566+0000] {processor.py:925} INFO - DAG(s) 'youtube_data_backup' retrieved from /opt/airflow/dags/backup_dag.py
[2026-01-28T12:16:02.751+0000] {logging_mixin.py:190} INFO - [2026-01-28T12:16:02.748+0000] {dag.py:3211} INFO - Sync 1 DAGs
[2026-01-28T12:16:03.102+0000] {logging_mixin.py:190} INFO - [2026-01-28T12:16:03.101+0000] {dag.py:4138} INFO - Setting next_dagrun for youtube_data_backup to 2026-02-01 00:00:00+00:00, run_after=2026-02-08 00:00:00+00:00
[2026-01-28T12:16:03.269+0000] {processor.py:208} INFO - Processing /opt/airflow/dags/backup_dag.py took 14.801 seconds
[2026-01-28T12:16:33.699+0000] {processor.py:186} INFO - Started process (PID=311) to work on /opt/airflow/dags/backup_dag.py
[2026-01-28T12:16:33.709+0000] {processor.py:914} INFO - Processing file /opt/airflow/dags/backup_dag.py for tasks to queue
[2026-01-28T12:16:33.717+0000] {logging_mixin.py:190} INFO - [2026-01-28T12:16:33.715+0000] {dagbag.py:587} INFO - Filling up the DagBag from /opt/airflow/dags/backup_dag.py
[2026-01-28T12:16:34.306+0000] {processor.py:925} INFO - DAG(s) 'youtube_data_backup' retrieved from /opt/airflow/dags/backup_dag.py
[2026-01-28T12:16:34.417+0000] {logging_mixin.py:190} INFO - [2026-01-28T12:16:34.416+0000] {dag.py:3211} INFO - Sync 1 DAGs
[2026-01-28T12:16:34.490+0000] {logging_mixin.py:190} INFO - [2026-01-28T12:16:34.489+0000] {dag.py:4138} INFO - Setting next_dagrun for youtube_data_backup to 2026-02-01 00:00:00+00:00, run_after=2026-02-08 00:00:00+00:00
[2026-01-28T12:16:34.526+0000] {processor.py:208} INFO - Processing /opt/airflow/dags/backup_dag.py took 0.866 seconds
[2026-01-28T12:17:04.706+0000] {processor.py:186} INFO - Started process (PID=326) to work on /opt/airflow/dags/backup_dag.py
[2026-01-28T12:17:04.708+0000] {processor.py:914} INFO - Processing file /opt/airflow/dags/backup_dag.py for tasks to queue
[2026-01-28T12:17:04.720+0000] {logging_mixin.py:190} INFO - [2026-01-28T12:17:04.715+0000] {dagbag.py:587} INFO - Filling up the DagBag from /opt/airflow/dags/backup_dag.py
[2026-01-28T12:17:05.150+0000] {processor.py:925} INFO - DAG(s) 'youtube_data_backup' retrieved from /opt/airflow/dags/backup_dag.py
[2026-01-28T12:17:05.338+0000] {logging_mixin.py:190} INFO - [2026-01-28T12:17:05.337+0000] {dag.py:3211} INFO - Sync 1 DAGs
[2026-01-28T12:17:05.496+0000] {logging_mixin.py:190} INFO - [2026-01-28T12:17:05.495+0000] {dag.py:4138} INFO - Setting next_dagrun for youtube_data_backup to 2026-02-01 00:00:00+00:00, run_after=2026-02-08 00:00:00+00:00
[2026-01-28T12:17:05.551+0000] {processor.py:208} INFO - Processing /opt/airflow/dags/backup_dag.py took 0.946 seconds
[2026-01-28T12:17:36.299+0000] {processor.py:186} INFO - Started process (PID=341) to work on /opt/airflow/dags/backup_dag.py
[2026-01-28T12:17:36.302+0000] {processor.py:914} INFO - Processing file /opt/airflow/dags/backup_dag.py for tasks to queue
[2026-01-28T12:17:36.312+0000] {logging_mixin.py:190} INFO - [2026-01-28T12:17:36.310+0000] {dagbag.py:587} INFO - Filling up the DagBag from /opt/airflow/dags/backup_dag.py
[2026-01-28T12:17:36.658+0000] {processor.py:925} INFO - DAG(s) 'youtube_data_backup' retrieved from /opt/airflow/dags/backup_dag.py
[2026-01-28T12:17:36.732+0000] {logging_mixin.py:190} INFO - [2026-01-28T12:17:36.732+0000] {dag.py:3211} INFO - Sync 1 DAGs
[2026-01-28T12:17:36.814+0000] {logging_mixin.py:190} INFO - [2026-01-28T12:17:36.813+0000] {dag.py:4138} INFO - Setting next_dagrun for youtube_data_backup to 2026-02-01 00:00:00+00:00, run_after=2026-02-08 00:00:00+00:00
[2026-01-28T12:17:36.878+0000] {processor.py:208} INFO - Processing /opt/airflow/dags/backup_dag.py took 0.597 seconds
[2026-01-28T12:18:07.421+0000] {processor.py:186} INFO - Started process (PID=356) to work on /opt/airflow/dags/backup_dag.py
[2026-01-28T12:18:07.422+0000] {processor.py:914} INFO - Processing file /opt/airflow/dags/backup_dag.py for tasks to queue
[2026-01-28T12:18:07.424+0000] {logging_mixin.py:190} INFO - [2026-01-28T12:18:07.423+0000] {dagbag.py:587} INFO - Filling up the DagBag from /opt/airflow/dags/backup_dag.py
[2026-01-28T12:18:07.539+0000] {processor.py:925} INFO - DAG(s) 'youtube_data_backup' retrieved from /opt/airflow/dags/backup_dag.py
[2026-01-28T12:18:07.596+0000] {logging_mixin.py:190} INFO - [2026-01-28T12:18:07.596+0000] {dag.py:3211} INFO - Sync 1 DAGs
[2026-01-28T12:18:07.626+0000] {logging_mixin.py:190} INFO - [2026-01-28T12:18:07.625+0000] {dag.py:4138} INFO - Setting next_dagrun for youtube_data_backup to 2026-02-01 00:00:00+00:00, run_after=2026-02-08 00:00:00+00:00
[2026-01-28T12:18:07.697+0000] {processor.py:208} INFO - Processing /opt/airflow/dags/backup_dag.py took 0.281 seconds
[2026-01-28T12:18:38.604+0000] {processor.py:186} INFO - Started process (PID=371) to work on /opt/airflow/dags/backup_dag.py
[2026-01-28T12:18:38.612+0000] {processor.py:914} INFO - Processing file /opt/airflow/dags/backup_dag.py for tasks to queue
[2026-01-28T12:18:38.619+0000] {logging_mixin.py:190} INFO - [2026-01-28T12:18:38.617+0000] {dagbag.py:587} INFO - Filling up the DagBag from /opt/airflow/dags/backup_dag.py
[2026-01-28T12:19:34.881+0000] {processor.py:186} INFO - Started process (PID=171) to work on /opt/airflow/dags/backup_dag.py
[2026-01-28T12:19:34.884+0000] {processor.py:914} INFO - Processing file /opt/airflow/dags/backup_dag.py for tasks to queue
[2026-01-28T12:19:34.886+0000] {logging_mixin.py:190} INFO - [2026-01-28T12:19:34.886+0000] {dagbag.py:587} INFO - Filling up the DagBag from /opt/airflow/dags/backup_dag.py
[2026-01-28T12:19:35.204+0000] {processor.py:925} INFO - DAG(s) 'youtube_data_backup' retrieved from /opt/airflow/dags/backup_dag.py
[2026-01-28T12:19:35.327+0000] {logging_mixin.py:190} INFO - [2026-01-28T12:19:35.326+0000] {dag.py:3211} INFO - Sync 1 DAGs
[2026-01-28T12:19:35.408+0000] {logging_mixin.py:190} INFO - [2026-01-28T12:19:35.407+0000] {dag.py:4138} INFO - Setting next_dagrun for youtube_data_backup to 2026-02-01 00:00:00+00:00, run_after=2026-02-08 00:00:00+00:00
[2026-01-28T12:19:35.494+0000] {processor.py:208} INFO - Processing /opt/airflow/dags/backup_dag.py took 0.621 seconds
[2026-01-28T12:20:05.829+0000] {processor.py:186} INFO - Started process (PID=186) to work on /opt/airflow/dags/backup_dag.py
[2026-01-28T12:20:05.831+0000] {processor.py:914} INFO - Processing file /opt/airflow/dags/backup_dag.py for tasks to queue
[2026-01-28T12:20:05.832+0000] {logging_mixin.py:190} INFO - [2026-01-28T12:20:05.832+0000] {dagbag.py:587} INFO - Filling up the DagBag from /opt/airflow/dags/backup_dag.py
[2026-01-28T12:20:06.033+0000] {processor.py:925} INFO - DAG(s) 'youtube_data_backup' retrieved from /opt/airflow/dags/backup_dag.py
[2026-01-28T12:20:06.079+0000] {logging_mixin.py:190} INFO - [2026-01-28T12:20:06.079+0000] {dag.py:3211} INFO - Sync 1 DAGs
[2026-01-28T12:20:06.126+0000] {logging_mixin.py:190} INFO - [2026-01-28T12:20:06.126+0000] {dag.py:4138} INFO - Setting next_dagrun for youtube_data_backup to 2026-02-01 00:00:00+00:00, run_after=2026-02-08 00:00:00+00:00
[2026-01-28T12:20:06.156+0000] {processor.py:208} INFO - Processing /opt/airflow/dags/backup_dag.py took 0.332 seconds
[2026-01-28T12:20:36.470+0000] {processor.py:186} INFO - Started process (PID=201) to work on /opt/airflow/dags/backup_dag.py
[2026-01-28T12:20:36.471+0000] {processor.py:914} INFO - Processing file /opt/airflow/dags/backup_dag.py for tasks to queue
[2026-01-28T12:20:36.472+0000] {logging_mixin.py:190} INFO - [2026-01-28T12:20:36.472+0000] {dagbag.py:587} INFO - Filling up the DagBag from /opt/airflow/dags/backup_dag.py
[2026-01-28T12:20:36.595+0000] {processor.py:925} INFO - DAG(s) 'youtube_data_backup' retrieved from /opt/airflow/dags/backup_dag.py
[2026-01-28T12:20:36.645+0000] {logging_mixin.py:190} INFO - [2026-01-28T12:20:36.645+0000] {dag.py:3211} INFO - Sync 1 DAGs
[2026-01-28T12:20:36.684+0000] {logging_mixin.py:190} INFO - [2026-01-28T12:20:36.684+0000] {dag.py:4138} INFO - Setting next_dagrun for youtube_data_backup to 2026-02-01 00:00:00+00:00, run_after=2026-02-08 00:00:00+00:00
[2026-01-28T12:20:36.707+0000] {processor.py:208} INFO - Processing /opt/airflow/dags/backup_dag.py took 0.245 seconds
[2026-01-28T12:21:07.145+0000] {processor.py:186} INFO - Started process (PID=216) to work on /opt/airflow/dags/backup_dag.py
[2026-01-28T12:21:07.146+0000] {processor.py:914} INFO - Processing file /opt/airflow/dags/backup_dag.py for tasks to queue
[2026-01-28T12:21:07.148+0000] {logging_mixin.py:190} INFO - [2026-01-28T12:21:07.147+0000] {dagbag.py:587} INFO - Filling up the DagBag from /opt/airflow/dags/backup_dag.py
[2026-01-28T12:21:07.303+0000] {processor.py:925} INFO - DAG(s) 'youtube_data_backup' retrieved from /opt/airflow/dags/backup_dag.py
[2026-01-28T12:21:07.348+0000] {logging_mixin.py:190} INFO - [2026-01-28T12:21:07.348+0000] {dag.py:3211} INFO - Sync 1 DAGs
[2026-01-28T12:21:07.388+0000] {logging_mixin.py:190} INFO - [2026-01-28T12:21:07.388+0000] {dag.py:4138} INFO - Setting next_dagrun for youtube_data_backup to 2026-02-01 00:00:00+00:00, run_after=2026-02-08 00:00:00+00:00
[2026-01-28T12:21:07.413+0000] {processor.py:208} INFO - Processing /opt/airflow/dags/backup_dag.py took 0.273 seconds
[2026-01-28T12:21:37.796+0000] {processor.py:186} INFO - Started process (PID=231) to work on /opt/airflow/dags/backup_dag.py
[2026-01-28T12:21:37.798+0000] {processor.py:914} INFO - Processing file /opt/airflow/dags/backup_dag.py for tasks to queue
[2026-01-28T12:21:37.799+0000] {logging_mixin.py:190} INFO - [2026-01-28T12:21:37.799+0000] {dagbag.py:587} INFO - Filling up the DagBag from /opt/airflow/dags/backup_dag.py
[2026-01-28T12:21:37.965+0000] {processor.py:925} INFO - DAG(s) 'youtube_data_backup' retrieved from /opt/airflow/dags/backup_dag.py
[2026-01-28T12:21:38.009+0000] {logging_mixin.py:190} INFO - [2026-01-28T12:21:38.008+0000] {dag.py:3211} INFO - Sync 1 DAGs
[2026-01-28T12:21:38.043+0000] {logging_mixin.py:190} INFO - [2026-01-28T12:21:38.043+0000] {dag.py:4138} INFO - Setting next_dagrun for youtube_data_backup to 2026-02-01 00:00:00+00:00, run_after=2026-02-08 00:00:00+00:00
[2026-01-28T12:21:38.068+0000] {processor.py:208} INFO - Processing /opt/airflow/dags/backup_dag.py took 0.278 seconds
[2026-01-28T12:22:08.360+0000] {processor.py:186} INFO - Started process (PID=246) to work on /opt/airflow/dags/backup_dag.py
[2026-01-28T12:22:08.361+0000] {processor.py:914} INFO - Processing file /opt/airflow/dags/backup_dag.py for tasks to queue
[2026-01-28T12:22:08.362+0000] {logging_mixin.py:190} INFO - [2026-01-28T12:22:08.362+0000] {dagbag.py:587} INFO - Filling up the DagBag from /opt/airflow/dags/backup_dag.py
[2026-01-28T12:22:08.435+0000] {processor.py:925} INFO - DAG(s) 'youtube_data_backup' retrieved from /opt/airflow/dags/backup_dag.py
[2026-01-28T12:22:08.460+0000] {logging_mixin.py:190} INFO - [2026-01-28T12:22:08.460+0000] {dag.py:3211} INFO - Sync 1 DAGs
[2026-01-28T12:22:08.483+0000] {logging_mixin.py:190} INFO - [2026-01-28T12:22:08.482+0000] {dag.py:4138} INFO - Setting next_dagrun for youtube_data_backup to 2026-02-01 00:00:00+00:00, run_after=2026-02-08 00:00:00+00:00
[2026-01-28T12:22:08.504+0000] {processor.py:208} INFO - Processing /opt/airflow/dags/backup_dag.py took 0.150 seconds
[2026-01-28T12:23:55.910+0000] {processor.py:186} INFO - Started process (PID=169) to work on /opt/airflow/dags/backup_dag.py
[2026-01-28T12:23:55.913+0000] {processor.py:914} INFO - Processing file /opt/airflow/dags/backup_dag.py for tasks to queue
[2026-01-28T12:23:55.925+0000] {logging_mixin.py:190} INFO - [2026-01-28T12:23:55.920+0000] {dagbag.py:587} INFO - Filling up the DagBag from /opt/airflow/dags/backup_dag.py
[2026-01-28T12:23:57.304+0000] {processor.py:925} INFO - DAG(s) 'youtube_data_backup' retrieved from /opt/airflow/dags/backup_dag.py
[2026-01-28T12:23:57.773+0000] {logging_mixin.py:190} INFO - [2026-01-28T12:23:57.772+0000] {override.py:1858} INFO - Created Permission View: can edit on DAG:youtube_data_backup
[2026-01-28T12:23:57.790+0000] {logging_mixin.py:190} INFO - [2026-01-28T12:23:57.789+0000] {override.py:1858} INFO - Created Permission View: can read on DAG:youtube_data_backup
[2026-01-28T12:23:57.801+0000] {logging_mixin.py:190} INFO - [2026-01-28T12:23:57.800+0000] {override.py:1858} INFO - Created Permission View: can delete on DAG:youtube_data_backup
[2026-01-28T12:23:57.802+0000] {logging_mixin.py:190} INFO - [2026-01-28T12:23:57.802+0000] {dag.py:3211} INFO - Sync 1 DAGs
[2026-01-28T12:23:57.831+0000] {logging_mixin.py:190} INFO - [2026-01-28T12:23:57.831+0000] {dag.py:3234} INFO - Creating ORM DAG for youtube_data_backup
[2026-01-28T12:23:57.856+0000] {logging_mixin.py:190} INFO - [2026-01-28T12:23:57.855+0000] {dag.py:4138} INFO - Setting next_dagrun for youtube_data_backup to 2026-02-01 00:00:00+00:00, run_after=2026-02-08 00:00:00+00:00
[2026-01-28T12:23:57.914+0000] {processor.py:208} INFO - Processing /opt/airflow/dags/backup_dag.py took 2.043 seconds
[2026-01-28T12:24:28.582+0000] {processor.py:186} INFO - Started process (PID=186) to work on /opt/airflow/dags/backup_dag.py
[2026-01-28T12:24:28.583+0000] {processor.py:914} INFO - Processing file /opt/airflow/dags/backup_dag.py for tasks to queue
[2026-01-28T12:24:28.585+0000] {logging_mixin.py:190} INFO - [2026-01-28T12:24:28.584+0000] {dagbag.py:587} INFO - Filling up the DagBag from /opt/airflow/dags/backup_dag.py
[2026-01-28T12:24:28.888+0000] {processor.py:925} INFO - DAG(s) 'youtube_data_backup' retrieved from /opt/airflow/dags/backup_dag.py
[2026-01-28T12:24:29.151+0000] {logging_mixin.py:190} INFO - [2026-01-28T12:24:29.151+0000] {dag.py:3211} INFO - Sync 1 DAGs
[2026-01-28T12:24:29.307+0000] {logging_mixin.py:190} INFO - [2026-01-28T12:24:29.306+0000] {dag.py:4138} INFO - Setting next_dagrun for youtube_data_backup to 2026-02-01 00:00:00+00:00, run_after=2026-02-08 00:00:00+00:00
[2026-01-28T12:24:29.378+0000] {processor.py:208} INFO - Processing /opt/airflow/dags/backup_dag.py took 0.805 seconds
[2026-01-28T12:24:59.463+0000] {processor.py:186} INFO - Started process (PID=201) to work on /opt/airflow/dags/backup_dag.py
[2026-01-28T12:24:59.464+0000] {processor.py:914} INFO - Processing file /opt/airflow/dags/backup_dag.py for tasks to queue
[2026-01-28T12:24:59.467+0000] {logging_mixin.py:190} INFO - [2026-01-28T12:24:59.465+0000] {dagbag.py:587} INFO - Filling up the DagBag from /opt/airflow/dags/backup_dag.py
[2026-01-28T12:24:59.830+0000] {processor.py:925} INFO - DAG(s) 'youtube_data_backup' retrieved from /opt/airflow/dags/backup_dag.py
[2026-01-28T12:24:59.999+0000] {logging_mixin.py:190} INFO - [2026-01-28T12:24:59.998+0000] {dag.py:3211} INFO - Sync 1 DAGs
[2026-01-28T12:25:00.193+0000] {logging_mixin.py:190} INFO - [2026-01-28T12:25:00.192+0000] {dag.py:4138} INFO - Setting next_dagrun for youtube_data_backup to 2026-02-01 00:00:00+00:00, run_after=2026-02-08 00:00:00+00:00
[2026-01-28T12:25:00.245+0000] {processor.py:208} INFO - Processing /opt/airflow/dags/backup_dag.py took 0.790 seconds
[2026-01-28T12:25:30.359+0000] {processor.py:186} INFO - Started process (PID=216) to work on /opt/airflow/dags/backup_dag.py
[2026-01-28T12:25:30.367+0000] {processor.py:914} INFO - Processing file /opt/airflow/dags/backup_dag.py for tasks to queue
[2026-01-28T12:25:30.373+0000] {logging_mixin.py:190} INFO - [2026-01-28T12:25:30.372+0000] {dagbag.py:587} INFO - Filling up the DagBag from /opt/airflow/dags/backup_dag.py
[2026-01-28T12:25:31.768+0000] {processor.py:925} INFO - DAG(s) 'youtube_data_backup' retrieved from /opt/airflow/dags/backup_dag.py
[2026-01-28T12:25:31.912+0000] {logging_mixin.py:190} INFO - [2026-01-28T12:25:31.911+0000] {dag.py:3211} INFO - Sync 1 DAGs
[2026-01-28T12:25:32.035+0000] {logging_mixin.py:190} INFO - [2026-01-28T12:25:32.034+0000] {dag.py:4138} INFO - Setting next_dagrun for youtube_data_backup to 2026-02-01 00:00:00+00:00, run_after=2026-02-08 00:00:00+00:00
[2026-01-28T12:25:32.096+0000] {processor.py:208} INFO - Processing /opt/airflow/dags/backup_dag.py took 1.747 seconds
[2026-01-28T12:26:02.789+0000] {processor.py:186} INFO - Started process (PID=231) to work on /opt/airflow/dags/backup_dag.py
[2026-01-28T12:26:02.791+0000] {processor.py:914} INFO - Processing file /opt/airflow/dags/backup_dag.py for tasks to queue
[2026-01-28T12:26:02.793+0000] {logging_mixin.py:190} INFO - [2026-01-28T12:26:02.792+0000] {dagbag.py:587} INFO - Filling up the DagBag from /opt/airflow/dags/backup_dag.py
[2026-01-28T12:26:03.011+0000] {processor.py:925} INFO - DAG(s) 'youtube_data_backup' retrieved from /opt/airflow/dags/backup_dag.py
[2026-01-28T12:26:03.070+0000] {logging_mixin.py:190} INFO - [2026-01-28T12:26:03.070+0000] {dag.py:3211} INFO - Sync 1 DAGs
[2026-01-28T12:26:03.115+0000] {logging_mixin.py:190} INFO - [2026-01-28T12:26:03.115+0000] {dag.py:4138} INFO - Setting next_dagrun for youtube_data_backup to 2026-02-01 00:00:00+00:00, run_after=2026-02-08 00:00:00+00:00
[2026-01-28T12:26:03.169+0000] {processor.py:208} INFO - Processing /opt/airflow/dags/backup_dag.py took 0.386 seconds
[2026-01-28T12:26:33.555+0000] {processor.py:186} INFO - Started process (PID=246) to work on /opt/airflow/dags/backup_dag.py
[2026-01-28T12:26:33.558+0000] {processor.py:914} INFO - Processing file /opt/airflow/dags/backup_dag.py for tasks to queue
[2026-01-28T12:26:33.561+0000] {logging_mixin.py:190} INFO - [2026-01-28T12:26:33.560+0000] {dagbag.py:587} INFO - Filling up the DagBag from /opt/airflow/dags/backup_dag.py
[2026-01-28T12:26:33.847+0000] {processor.py:925} INFO - DAG(s) 'youtube_data_backup' retrieved from /opt/airflow/dags/backup_dag.py
[2026-01-28T12:26:33.899+0000] {logging_mixin.py:190} INFO - [2026-01-28T12:26:33.898+0000] {dag.py:3211} INFO - Sync 1 DAGs
[2026-01-28T12:26:33.956+0000] {logging_mixin.py:190} INFO - [2026-01-28T12:26:33.955+0000] {dag.py:4138} INFO - Setting next_dagrun for youtube_data_backup to 2026-02-01 00:00:00+00:00, run_after=2026-02-08 00:00:00+00:00
[2026-01-28T12:26:33.998+0000] {processor.py:208} INFO - Processing /opt/airflow/dags/backup_dag.py took 0.454 seconds
[2026-01-28T12:27:04.898+0000] {processor.py:186} INFO - Started process (PID=261) to work on /opt/airflow/dags/backup_dag.py
[2026-01-28T12:27:04.900+0000] {processor.py:914} INFO - Processing file /opt/airflow/dags/backup_dag.py for tasks to queue
[2026-01-28T12:27:04.902+0000] {logging_mixin.py:190} INFO - [2026-01-28T12:27:04.902+0000] {dagbag.py:587} INFO - Filling up the DagBag from /opt/airflow/dags/backup_dag.py
[2026-01-28T12:27:05.828+0000] {processor.py:925} INFO - DAG(s) 'youtube_data_backup' retrieved from /opt/airflow/dags/backup_dag.py
[2026-01-28T12:27:06.311+0000] {logging_mixin.py:190} INFO - [2026-01-28T12:27:06.310+0000] {dag.py:3211} INFO - Sync 1 DAGs
[2026-01-28T12:27:07.077+0000] {logging_mixin.py:190} INFO - [2026-01-28T12:27:07.076+0000] {dag.py:4138} INFO - Setting next_dagrun for youtube_data_backup to 2026-02-01 00:00:00+00:00, run_after=2026-02-08 00:00:00+00:00
[2026-01-28T12:27:07.350+0000] {processor.py:208} INFO - Processing /opt/airflow/dags/backup_dag.py took 2.474 seconds
[2026-01-28T12:27:38.147+0000] {processor.py:186} INFO - Started process (PID=276) to work on /opt/airflow/dags/backup_dag.py
[2026-01-28T12:27:38.158+0000] {processor.py:914} INFO - Processing file /opt/airflow/dags/backup_dag.py for tasks to queue
[2026-01-28T12:27:38.159+0000] {logging_mixin.py:190} INFO - [2026-01-28T12:27:38.159+0000] {dagbag.py:587} INFO - Filling up the DagBag from /opt/airflow/dags/backup_dag.py
[2026-01-28T12:27:38.388+0000] {processor.py:925} INFO - DAG(s) 'youtube_data_backup' retrieved from /opt/airflow/dags/backup_dag.py
[2026-01-28T12:27:38.468+0000] {logging_mixin.py:190} INFO - [2026-01-28T12:27:38.467+0000] {dag.py:3211} INFO - Sync 1 DAGs
[2026-01-28T12:27:38.538+0000] {logging_mixin.py:190} INFO - [2026-01-28T12:27:38.538+0000] {dag.py:4138} INFO - Setting next_dagrun for youtube_data_backup to 2026-02-01 00:00:00+00:00, run_after=2026-02-08 00:00:00+00:00
[2026-01-28T12:27:38.587+0000] {processor.py:208} INFO - Processing /opt/airflow/dags/backup_dag.py took 0.447 seconds
[2026-01-28T12:28:09.355+0000] {processor.py:186} INFO - Started process (PID=294) to work on /opt/airflow/dags/backup_dag.py
[2026-01-28T12:28:09.364+0000] {processor.py:914} INFO - Processing file /opt/airflow/dags/backup_dag.py for tasks to queue
[2026-01-28T12:28:09.368+0000] {logging_mixin.py:190} INFO - [2026-01-28T12:28:09.368+0000] {dagbag.py:587} INFO - Filling up the DagBag from /opt/airflow/dags/backup_dag.py
[2026-01-28T12:28:10.124+0000] {processor.py:925} INFO - DAG(s) 'youtube_data_backup' retrieved from /opt/airflow/dags/backup_dag.py
[2026-01-28T12:28:10.207+0000] {logging_mixin.py:190} INFO - [2026-01-28T12:28:10.206+0000] {dag.py:3211} INFO - Sync 1 DAGs
[2026-01-28T12:28:10.286+0000] {logging_mixin.py:190} INFO - [2026-01-28T12:28:10.286+0000] {dag.py:4138} INFO - Setting next_dagrun for youtube_data_backup to 2026-02-01 00:00:00+00:00, run_after=2026-02-08 00:00:00+00:00
[2026-01-28T12:28:10.314+0000] {processor.py:208} INFO - Processing /opt/airflow/dags/backup_dag.py took 0.968 seconds
[2026-01-28T12:28:40.919+0000] {processor.py:186} INFO - Started process (PID=309) to work on /opt/airflow/dags/backup_dag.py
[2026-01-28T12:28:40.920+0000] {processor.py:914} INFO - Processing file /opt/airflow/dags/backup_dag.py for tasks to queue
[2026-01-28T12:28:40.922+0000] {logging_mixin.py:190} INFO - [2026-01-28T12:28:40.921+0000] {dagbag.py:587} INFO - Filling up the DagBag from /opt/airflow/dags/backup_dag.py
[2026-01-28T12:28:41.069+0000] {processor.py:925} INFO - DAG(s) 'youtube_data_backup' retrieved from /opt/airflow/dags/backup_dag.py
[2026-01-28T12:28:41.114+0000] {logging_mixin.py:190} INFO - [2026-01-28T12:28:41.113+0000] {dag.py:3211} INFO - Sync 1 DAGs
[2026-01-28T12:28:41.155+0000] {logging_mixin.py:190} INFO - [2026-01-28T12:28:41.155+0000] {dag.py:4138} INFO - Setting next_dagrun for youtube_data_backup to 2026-02-01 00:00:00+00:00, run_after=2026-02-08 00:00:00+00:00
[2026-01-28T12:28:41.210+0000] {processor.py:208} INFO - Processing /opt/airflow/dags/backup_dag.py took 0.296 seconds
[2026-01-28T12:29:11.750+0000] {processor.py:186} INFO - Started process (PID=324) to work on /opt/airflow/dags/backup_dag.py
[2026-01-28T12:29:11.777+0000] {processor.py:914} INFO - Processing file /opt/airflow/dags/backup_dag.py for tasks to queue
[2026-01-28T12:29:11.782+0000] {logging_mixin.py:190} INFO - [2026-01-28T12:29:11.782+0000] {dagbag.py:587} INFO - Filling up the DagBag from /opt/airflow/dags/backup_dag.py
[2026-01-28T12:29:12.488+0000] {processor.py:925} INFO - DAG(s) 'youtube_data_backup' retrieved from /opt/airflow/dags/backup_dag.py
[2026-01-28T12:29:12.666+0000] {logging_mixin.py:190} INFO - [2026-01-28T12:29:12.666+0000] {dag.py:3211} INFO - Sync 1 DAGs
[2026-01-28T12:29:12.762+0000] {logging_mixin.py:190} INFO - [2026-01-28T12:29:12.762+0000] {dag.py:4138} INFO - Setting next_dagrun for youtube_data_backup to 2026-02-01 00:00:00+00:00, run_after=2026-02-08 00:00:00+00:00
[2026-01-28T12:29:12.880+0000] {processor.py:208} INFO - Processing /opt/airflow/dags/backup_dag.py took 1.132 seconds
[2026-01-28T12:29:43.535+0000] {processor.py:186} INFO - Started process (PID=339) to work on /opt/airflow/dags/backup_dag.py
[2026-01-28T12:29:43.537+0000] {processor.py:914} INFO - Processing file /opt/airflow/dags/backup_dag.py for tasks to queue
[2026-01-28T12:29:43.538+0000] {logging_mixin.py:190} INFO - [2026-01-28T12:29:43.538+0000] {dagbag.py:587} INFO - Filling up the DagBag from /opt/airflow/dags/backup_dag.py
[2026-01-28T12:29:43.734+0000] {processor.py:925} INFO - DAG(s) 'youtube_data_backup' retrieved from /opt/airflow/dags/backup_dag.py
[2026-01-28T12:29:43.781+0000] {logging_mixin.py:190} INFO - [2026-01-28T12:29:43.781+0000] {dag.py:3211} INFO - Sync 1 DAGs
[2026-01-28T12:29:43.841+0000] {logging_mixin.py:190} INFO - [2026-01-28T12:29:43.840+0000] {dag.py:4138} INFO - Setting next_dagrun for youtube_data_backup to 2026-02-01 00:00:00+00:00, run_after=2026-02-08 00:00:00+00:00
[2026-01-28T12:29:43.887+0000] {processor.py:208} INFO - Processing /opt/airflow/dags/backup_dag.py took 0.359 seconds
[2026-01-28T12:30:14.087+0000] {processor.py:186} INFO - Started process (PID=354) to work on /opt/airflow/dags/backup_dag.py
[2026-01-28T12:30:14.089+0000] {processor.py:914} INFO - Processing file /opt/airflow/dags/backup_dag.py for tasks to queue
[2026-01-28T12:30:14.090+0000] {logging_mixin.py:190} INFO - [2026-01-28T12:30:14.090+0000] {dagbag.py:587} INFO - Filling up the DagBag from /opt/airflow/dags/backup_dag.py
[2026-01-28T12:30:14.248+0000] {processor.py:925} INFO - DAG(s) 'youtube_data_backup' retrieved from /opt/airflow/dags/backup_dag.py
[2026-01-28T12:30:14.300+0000] {logging_mixin.py:190} INFO - [2026-01-28T12:30:14.300+0000] {dag.py:3211} INFO - Sync 1 DAGs
[2026-01-28T12:30:14.356+0000] {logging_mixin.py:190} INFO - [2026-01-28T12:30:14.356+0000] {dag.py:4138} INFO - Setting next_dagrun for youtube_data_backup to 2026-02-01 00:00:00+00:00, run_after=2026-02-08 00:00:00+00:00
[2026-01-28T12:30:14.422+0000] {processor.py:208} INFO - Processing /opt/airflow/dags/backup_dag.py took 0.340 seconds
[2026-01-28T12:30:44.978+0000] {processor.py:186} INFO - Started process (PID=369) to work on /opt/airflow/dags/backup_dag.py
[2026-01-28T12:30:44.979+0000] {processor.py:914} INFO - Processing file /opt/airflow/dags/backup_dag.py for tasks to queue
[2026-01-28T12:30:44.980+0000] {logging_mixin.py:190} INFO - [2026-01-28T12:30:44.980+0000] {dagbag.py:587} INFO - Filling up the DagBag from /opt/airflow/dags/backup_dag.py
[2026-01-28T12:30:45.192+0000] {processor.py:925} INFO - DAG(s) 'youtube_data_backup' retrieved from /opt/airflow/dags/backup_dag.py
[2026-01-28T12:30:45.236+0000] {logging_mixin.py:190} INFO - [2026-01-28T12:30:45.236+0000] {dag.py:3211} INFO - Sync 1 DAGs
[2026-01-28T12:30:45.276+0000] {logging_mixin.py:190} INFO - [2026-01-28T12:30:45.275+0000] {dag.py:4138} INFO - Setting next_dagrun for youtube_data_backup to 2026-02-01 00:00:00+00:00, run_after=2026-02-08 00:00:00+00:00
[2026-01-28T12:30:45.312+0000] {processor.py:208} INFO - Processing /opt/airflow/dags/backup_dag.py took 0.344 seconds
[2026-01-28T12:31:16.760+0000] {processor.py:186} INFO - Started process (PID=384) to work on /opt/airflow/dags/backup_dag.py
[2026-01-28T12:31:16.762+0000] {processor.py:914} INFO - Processing file /opt/airflow/dags/backup_dag.py for tasks to queue
[2026-01-28T12:31:16.764+0000] {logging_mixin.py:190} INFO - [2026-01-28T12:31:16.764+0000] {dagbag.py:587} INFO - Filling up the DagBag from /opt/airflow/dags/backup_dag.py
[2026-01-28T12:31:17.083+0000] {processor.py:925} INFO - DAG(s) 'youtube_data_backup' retrieved from /opt/airflow/dags/backup_dag.py
[2026-01-28T12:31:17.136+0000] {logging_mixin.py:190} INFO - [2026-01-28T12:31:17.136+0000] {dag.py:3211} INFO - Sync 1 DAGs
[2026-01-28T12:31:17.193+0000] {logging_mixin.py:190} INFO - [2026-01-28T12:31:17.192+0000] {dag.py:4138} INFO - Setting next_dagrun for youtube_data_backup to 2026-02-01 00:00:00+00:00, run_after=2026-02-08 00:00:00+00:00
[2026-01-28T12:31:17.237+0000] {processor.py:208} INFO - Processing /opt/airflow/dags/backup_dag.py took 0.498 seconds
[2026-01-28T12:31:47.817+0000] {processor.py:186} INFO - Started process (PID=399) to work on /opt/airflow/dags/backup_dag.py
[2026-01-28T12:31:47.819+0000] {processor.py:914} INFO - Processing file /opt/airflow/dags/backup_dag.py for tasks to queue
[2026-01-28T12:31:47.820+0000] {logging_mixin.py:190} INFO - [2026-01-28T12:31:47.820+0000] {dagbag.py:587} INFO - Filling up the DagBag from /opt/airflow/dags/backup_dag.py
[2026-01-28T12:31:47.949+0000] {processor.py:925} INFO - DAG(s) 'youtube_data_backup' retrieved from /opt/airflow/dags/backup_dag.py
[2026-01-28T12:31:48.064+0000] {logging_mixin.py:190} INFO - [2026-01-28T12:31:48.064+0000] {dag.py:3211} INFO - Sync 1 DAGs
[2026-01-28T12:31:48.116+0000] {logging_mixin.py:190} INFO - [2026-01-28T12:31:48.116+0000] {dag.py:4138} INFO - Setting next_dagrun for youtube_data_backup to 2026-02-01 00:00:00+00:00, run_after=2026-02-08 00:00:00+00:00
[2026-01-28T12:31:48.167+0000] {processor.py:208} INFO - Processing /opt/airflow/dags/backup_dag.py took 0.358 seconds
[2026-01-28T12:32:18.313+0000] {processor.py:186} INFO - Started process (PID=414) to work on /opt/airflow/dags/backup_dag.py
[2026-01-28T12:32:18.315+0000] {processor.py:914} INFO - Processing file /opt/airflow/dags/backup_dag.py for tasks to queue
[2026-01-28T12:32:18.316+0000] {logging_mixin.py:190} INFO - [2026-01-28T12:32:18.316+0000] {dagbag.py:587} INFO - Filling up the DagBag from /opt/airflow/dags/backup_dag.py
[2026-01-28T12:32:18.474+0000] {processor.py:925} INFO - DAG(s) 'youtube_data_backup' retrieved from /opt/airflow/dags/backup_dag.py
[2026-01-28T12:32:18.515+0000] {logging_mixin.py:190} INFO - [2026-01-28T12:32:18.515+0000] {dag.py:3211} INFO - Sync 1 DAGs
[2026-01-28T12:32:18.556+0000] {logging_mixin.py:190} INFO - [2026-01-28T12:32:18.555+0000] {dag.py:4138} INFO - Setting next_dagrun for youtube_data_backup to 2026-02-01 00:00:00+00:00, run_after=2026-02-08 00:00:00+00:00
[2026-01-28T12:32:18.592+0000] {processor.py:208} INFO - Processing /opt/airflow/dags/backup_dag.py took 0.285 seconds
[2026-01-28T12:32:49.024+0000] {processor.py:186} INFO - Started process (PID=429) to work on /opt/airflow/dags/backup_dag.py
[2026-01-28T12:32:49.025+0000] {processor.py:914} INFO - Processing file /opt/airflow/dags/backup_dag.py for tasks to queue
[2026-01-28T12:32:49.027+0000] {logging_mixin.py:190} INFO - [2026-01-28T12:32:49.026+0000] {dagbag.py:587} INFO - Filling up the DagBag from /opt/airflow/dags/backup_dag.py
[2026-01-28T12:32:49.240+0000] {processor.py:925} INFO - DAG(s) 'youtube_data_backup' retrieved from /opt/airflow/dags/backup_dag.py
[2026-01-28T12:32:49.280+0000] {logging_mixin.py:190} INFO - [2026-01-28T12:32:49.280+0000] {dag.py:3211} INFO - Sync 1 DAGs
[2026-01-28T12:32:49.318+0000] {logging_mixin.py:190} INFO - [2026-01-28T12:32:49.317+0000] {dag.py:4138} INFO - Setting next_dagrun for youtube_data_backup to 2026-02-01 00:00:00+00:00, run_after=2026-02-08 00:00:00+00:00
[2026-01-28T12:32:49.350+0000] {processor.py:208} INFO - Processing /opt/airflow/dags/backup_dag.py took 0.332 seconds
[2026-01-28T12:33:19.901+0000] {processor.py:186} INFO - Started process (PID=447) to work on /opt/airflow/dags/backup_dag.py
[2026-01-28T12:33:19.903+0000] {processor.py:914} INFO - Processing file /opt/airflow/dags/backup_dag.py for tasks to queue
[2026-01-28T12:33:19.905+0000] {logging_mixin.py:190} INFO - [2026-01-28T12:33:19.905+0000] {dagbag.py:587} INFO - Filling up the DagBag from /opt/airflow/dags/backup_dag.py
[2026-01-28T12:33:20.196+0000] {processor.py:925} INFO - DAG(s) 'youtube_data_backup' retrieved from /opt/airflow/dags/backup_dag.py
[2026-01-28T12:33:20.287+0000] {logging_mixin.py:190} INFO - [2026-01-28T12:33:20.287+0000] {dag.py:3211} INFO - Sync 1 DAGs
[2026-01-28T12:33:20.349+0000] {logging_mixin.py:190} INFO - [2026-01-28T12:33:20.348+0000] {dag.py:4138} INFO - Setting next_dagrun for youtube_data_backup to 2026-02-01 00:00:00+00:00, run_after=2026-02-08 00:00:00+00:00
[2026-01-28T12:33:20.380+0000] {processor.py:208} INFO - Processing /opt/airflow/dags/backup_dag.py took 0.489 seconds
[2026-01-28T12:33:50.983+0000] {processor.py:186} INFO - Started process (PID=462) to work on /opt/airflow/dags/backup_dag.py
[2026-01-28T12:33:50.984+0000] {processor.py:914} INFO - Processing file /opt/airflow/dags/backup_dag.py for tasks to queue
[2026-01-28T12:33:50.987+0000] {logging_mixin.py:190} INFO - [2026-01-28T12:33:50.986+0000] {dagbag.py:587} INFO - Filling up the DagBag from /opt/airflow/dags/backup_dag.py
[2026-01-28T12:33:51.074+0000] {processor.py:925} INFO - DAG(s) 'youtube_data_backup' retrieved from /opt/airflow/dags/backup_dag.py
[2026-01-28T12:33:51.101+0000] {logging_mixin.py:190} INFO - [2026-01-28T12:33:51.101+0000] {dag.py:3211} INFO - Sync 1 DAGs
[2026-01-28T12:33:51.141+0000] {logging_mixin.py:190} INFO - [2026-01-28T12:33:51.140+0000] {dag.py:4138} INFO - Setting next_dagrun for youtube_data_backup to 2026-02-01 00:00:00+00:00, run_after=2026-02-08 00:00:00+00:00
[2026-01-28T12:33:51.175+0000] {processor.py:208} INFO - Processing /opt/airflow/dags/backup_dag.py took 0.198 seconds
[2026-01-28T12:34:21.808+0000] {processor.py:186} INFO - Started process (PID=477) to work on /opt/airflow/dags/backup_dag.py
[2026-01-28T12:34:21.809+0000] {processor.py:914} INFO - Processing file /opt/airflow/dags/backup_dag.py for tasks to queue
[2026-01-28T12:34:21.811+0000] {logging_mixin.py:190} INFO - [2026-01-28T12:34:21.811+0000] {dagbag.py:587} INFO - Filling up the DagBag from /opt/airflow/dags/backup_dag.py
[2026-01-28T12:34:22.029+0000] {processor.py:925} INFO - DAG(s) 'youtube_data_backup' retrieved from /opt/airflow/dags/backup_dag.py
[2026-01-28T12:34:22.073+0000] {logging_mixin.py:190} INFO - [2026-01-28T12:34:22.073+0000] {dag.py:3211} INFO - Sync 1 DAGs
[2026-01-28T12:34:22.122+0000] {logging_mixin.py:190} INFO - [2026-01-28T12:34:22.122+0000] {dag.py:4138} INFO - Setting next_dagrun for youtube_data_backup to 2026-02-01 00:00:00+00:00, run_after=2026-02-08 00:00:00+00:00
[2026-01-28T12:34:22.155+0000] {processor.py:208} INFO - Processing /opt/airflow/dags/backup_dag.py took 0.354 seconds
[2026-01-28T12:34:52.274+0000] {processor.py:186} INFO - Started process (PID=492) to work on /opt/airflow/dags/backup_dag.py
[2026-01-28T12:34:52.276+0000] {processor.py:914} INFO - Processing file /opt/airflow/dags/backup_dag.py for tasks to queue
[2026-01-28T12:34:52.278+0000] {logging_mixin.py:190} INFO - [2026-01-28T12:34:52.278+0000] {dagbag.py:587} INFO - Filling up the DagBag from /opt/airflow/dags/backup_dag.py
[2026-01-28T12:34:52.430+0000] {processor.py:925} INFO - DAG(s) 'youtube_data_backup' retrieved from /opt/airflow/dags/backup_dag.py
[2026-01-28T12:34:52.465+0000] {logging_mixin.py:190} INFO - [2026-01-28T12:34:52.465+0000] {dag.py:3211} INFO - Sync 1 DAGs
[2026-01-28T12:34:52.506+0000] {logging_mixin.py:190} INFO - [2026-01-28T12:34:52.506+0000] {dag.py:4138} INFO - Setting next_dagrun for youtube_data_backup to 2026-02-01 00:00:00+00:00, run_after=2026-02-08 00:00:00+00:00
[2026-01-28T12:34:52.536+0000] {processor.py:208} INFO - Processing /opt/airflow/dags/backup_dag.py took 0.276 seconds
[2026-01-28T12:35:22.875+0000] {processor.py:186} INFO - Started process (PID=507) to work on /opt/airflow/dags/backup_dag.py
[2026-01-28T12:35:22.877+0000] {processor.py:914} INFO - Processing file /opt/airflow/dags/backup_dag.py for tasks to queue
[2026-01-28T12:35:22.878+0000] {logging_mixin.py:190} INFO - [2026-01-28T12:35:22.878+0000] {dagbag.py:587} INFO - Filling up the DagBag from /opt/airflow/dags/backup_dag.py
[2026-01-28T12:35:22.969+0000] {processor.py:925} INFO - DAG(s) 'youtube_data_backup' retrieved from /opt/airflow/dags/backup_dag.py
[2026-01-28T12:35:22.997+0000] {logging_mixin.py:190} INFO - [2026-01-28T12:35:22.996+0000] {dag.py:3211} INFO - Sync 1 DAGs
[2026-01-28T12:35:23.021+0000] {logging_mixin.py:190} INFO - [2026-01-28T12:35:23.020+0000] {dag.py:4138} INFO - Setting next_dagrun for youtube_data_backup to 2026-02-01 00:00:00+00:00, run_after=2026-02-08 00:00:00+00:00
[2026-01-28T12:35:23.043+0000] {processor.py:208} INFO - Processing /opt/airflow/dags/backup_dag.py took 0.175 seconds
[2026-01-28T12:35:53.441+0000] {processor.py:186} INFO - Started process (PID=522) to work on /opt/airflow/dags/backup_dag.py
[2026-01-28T12:35:53.443+0000] {processor.py:914} INFO - Processing file /opt/airflow/dags/backup_dag.py for tasks to queue
[2026-01-28T12:35:53.444+0000] {logging_mixin.py:190} INFO - [2026-01-28T12:35:53.444+0000] {dagbag.py:587} INFO - Filling up the DagBag from /opt/airflow/dags/backup_dag.py
[2026-01-28T12:35:53.545+0000] {processor.py:925} INFO - DAG(s) 'youtube_data_backup' retrieved from /opt/airflow/dags/backup_dag.py
[2026-01-28T12:35:53.581+0000] {logging_mixin.py:190} INFO - [2026-01-28T12:35:53.581+0000] {dag.py:3211} INFO - Sync 1 DAGs
[2026-01-28T12:35:53.613+0000] {logging_mixin.py:190} INFO - [2026-01-28T12:35:53.612+0000] {dag.py:4138} INFO - Setting next_dagrun for youtube_data_backup to 2026-02-01 00:00:00+00:00, run_after=2026-02-08 00:00:00+00:00
[2026-01-28T12:35:53.633+0000] {processor.py:208} INFO - Processing /opt/airflow/dags/backup_dag.py took 0.197 seconds
[2026-01-28T12:36:23.963+0000] {processor.py:186} INFO - Started process (PID=537) to work on /opt/airflow/dags/backup_dag.py
[2026-01-28T12:36:23.964+0000] {processor.py:914} INFO - Processing file /opt/airflow/dags/backup_dag.py for tasks to queue
[2026-01-28T12:36:23.966+0000] {logging_mixin.py:190} INFO - [2026-01-28T12:36:23.965+0000] {dagbag.py:587} INFO - Filling up the DagBag from /opt/airflow/dags/backup_dag.py
[2026-01-28T12:36:24.067+0000] {processor.py:925} INFO - DAG(s) 'youtube_data_backup' retrieved from /opt/airflow/dags/backup_dag.py
[2026-01-28T12:36:24.092+0000] {logging_mixin.py:190} INFO - [2026-01-28T12:36:24.092+0000] {dag.py:3211} INFO - Sync 1 DAGs
[2026-01-28T12:36:24.118+0000] {logging_mixin.py:190} INFO - [2026-01-28T12:36:24.118+0000] {dag.py:4138} INFO - Setting next_dagrun for youtube_data_backup to 2026-02-01 00:00:00+00:00, run_after=2026-02-08 00:00:00+00:00
[2026-01-28T12:36:24.143+0000] {processor.py:208} INFO - Processing /opt/airflow/dags/backup_dag.py took 0.186 seconds
[2026-01-28T12:36:54.924+0000] {processor.py:186} INFO - Started process (PID=552) to work on /opt/airflow/dags/backup_dag.py
[2026-01-28T12:36:54.934+0000] {processor.py:914} INFO - Processing file /opt/airflow/dags/backup_dag.py for tasks to queue
[2026-01-28T12:36:54.943+0000] {logging_mixin.py:190} INFO - [2026-01-28T12:36:54.943+0000] {dagbag.py:587} INFO - Filling up the DagBag from /opt/airflow/dags/backup_dag.py
[2026-01-28T12:36:55.407+0000] {processor.py:925} INFO - DAG(s) 'youtube_data_backup' retrieved from /opt/airflow/dags/backup_dag.py
[2026-01-28T12:36:55.491+0000] {logging_mixin.py:190} INFO - [2026-01-28T12:36:55.491+0000] {dag.py:3211} INFO - Sync 1 DAGs
[2026-01-28T12:36:55.535+0000] {logging_mixin.py:190} INFO - [2026-01-28T12:36:55.535+0000] {dag.py:4138} INFO - Setting next_dagrun for youtube_data_backup to 2026-02-01 00:00:00+00:00, run_after=2026-02-08 00:00:00+00:00
[2026-01-28T12:36:55.571+0000] {processor.py:208} INFO - Processing /opt/airflow/dags/backup_dag.py took 0.654 seconds
[2026-01-28T12:37:25.947+0000] {processor.py:186} INFO - Started process (PID=572) to work on /opt/airflow/dags/backup_dag.py
[2026-01-28T12:37:25.949+0000] {processor.py:914} INFO - Processing file /opt/airflow/dags/backup_dag.py for tasks to queue
[2026-01-28T12:37:25.950+0000] {logging_mixin.py:190} INFO - [2026-01-28T12:37:25.950+0000] {dagbag.py:587} INFO - Filling up the DagBag from /opt/airflow/dags/backup_dag.py
[2026-01-28T12:37:26.407+0000] {processor.py:925} INFO - DAG(s) 'youtube_data_backup' retrieved from /opt/airflow/dags/backup_dag.py
[2026-01-28T12:37:26.735+0000] {logging_mixin.py:190} INFO - [2026-01-28T12:37:26.735+0000] {dag.py:3211} INFO - Sync 1 DAGs
[2026-01-28T12:37:27.127+0000] {logging_mixin.py:190} INFO - [2026-01-28T12:37:27.126+0000] {dag.py:4138} INFO - Setting next_dagrun for youtube_data_backup to 2026-02-01 00:00:00+00:00, run_after=2026-02-08 00:00:00+00:00
[2026-01-28T12:37:28.190+0000] {processor.py:208} INFO - Processing /opt/airflow/dags/backup_dag.py took 2.249 seconds
[2026-01-28T12:37:58.749+0000] {processor.py:186} INFO - Started process (PID=587) to work on /opt/airflow/dags/backup_dag.py
[2026-01-28T12:37:58.750+0000] {processor.py:914} INFO - Processing file /opt/airflow/dags/backup_dag.py for tasks to queue
[2026-01-28T12:37:58.752+0000] {logging_mixin.py:190} INFO - [2026-01-28T12:37:58.751+0000] {dagbag.py:587} INFO - Filling up the DagBag from /opt/airflow/dags/backup_dag.py
[2026-01-28T12:37:58.905+0000] {processor.py:925} INFO - DAG(s) 'youtube_data_backup' retrieved from /opt/airflow/dags/backup_dag.py
[2026-01-28T12:37:58.974+0000] {logging_mixin.py:190} INFO - [2026-01-28T12:37:58.974+0000] {dag.py:3211} INFO - Sync 1 DAGs
[2026-01-28T12:37:59.032+0000] {logging_mixin.py:190} INFO - [2026-01-28T12:37:59.032+0000] {dag.py:4138} INFO - Setting next_dagrun for youtube_data_backup to 2026-02-01 00:00:00+00:00, run_after=2026-02-08 00:00:00+00:00
[2026-01-28T12:37:59.061+0000] {processor.py:208} INFO - Processing /opt/airflow/dags/backup_dag.py took 0.320 seconds
[2026-01-28T12:38:29.367+0000] {processor.py:186} INFO - Started process (PID=605) to work on /opt/airflow/dags/backup_dag.py
[2026-01-28T12:38:29.368+0000] {processor.py:914} INFO - Processing file /opt/airflow/dags/backup_dag.py for tasks to queue
[2026-01-28T12:38:29.371+0000] {logging_mixin.py:190} INFO - [2026-01-28T12:38:29.371+0000] {dagbag.py:587} INFO - Filling up the DagBag from /opt/airflow/dags/backup_dag.py
[2026-01-28T12:38:29.485+0000] {processor.py:925} INFO - DAG(s) 'youtube_data_backup' retrieved from /opt/airflow/dags/backup_dag.py
[2026-01-28T12:38:29.539+0000] {logging_mixin.py:190} INFO - [2026-01-28T12:38:29.538+0000] {dag.py:3211} INFO - Sync 1 DAGs
[2026-01-28T12:38:29.583+0000] {logging_mixin.py:190} INFO - [2026-01-28T12:38:29.583+0000] {dag.py:4138} INFO - Setting next_dagrun for youtube_data_backup to 2026-02-01 00:00:00+00:00, run_after=2026-02-08 00:00:00+00:00
[2026-01-28T12:38:29.603+0000] {processor.py:208} INFO - Processing /opt/airflow/dags/backup_dag.py took 0.244 seconds
[2026-01-28T12:38:59.928+0000] {processor.py:186} INFO - Started process (PID=620) to work on /opt/airflow/dags/backup_dag.py
[2026-01-28T12:38:59.929+0000] {processor.py:914} INFO - Processing file /opt/airflow/dags/backup_dag.py for tasks to queue
[2026-01-28T12:38:59.930+0000] {logging_mixin.py:190} INFO - [2026-01-28T12:38:59.930+0000] {dagbag.py:587} INFO - Filling up the DagBag from /opt/airflow/dags/backup_dag.py
[2026-01-28T12:39:00.035+0000] {processor.py:925} INFO - DAG(s) 'youtube_data_backup' retrieved from /opt/airflow/dags/backup_dag.py
[2026-01-28T12:39:00.082+0000] {logging_mixin.py:190} INFO - [2026-01-28T12:39:00.081+0000] {dag.py:3211} INFO - Sync 1 DAGs
[2026-01-28T12:39:00.107+0000] {logging_mixin.py:190} INFO - [2026-01-28T12:39:00.107+0000] {dag.py:4138} INFO - Setting next_dagrun for youtube_data_backup to 2026-02-01 00:00:00+00:00, run_after=2026-02-08 00:00:00+00:00
[2026-01-28T12:39:00.128+0000] {processor.py:208} INFO - Processing /opt/airflow/dags/backup_dag.py took 0.205 seconds
[2026-01-28T12:39:30.391+0000] {processor.py:186} INFO - Started process (PID=635) to work on /opt/airflow/dags/backup_dag.py
[2026-01-28T12:39:30.392+0000] {processor.py:914} INFO - Processing file /opt/airflow/dags/backup_dag.py for tasks to queue
[2026-01-28T12:39:30.394+0000] {logging_mixin.py:190} INFO - [2026-01-28T12:39:30.394+0000] {dagbag.py:587} INFO - Filling up the DagBag from /opt/airflow/dags/backup_dag.py
[2026-01-28T12:39:30.475+0000] {processor.py:925} INFO - DAG(s) 'youtube_data_backup' retrieved from /opt/airflow/dags/backup_dag.py
[2026-01-28T12:39:30.506+0000] {logging_mixin.py:190} INFO - [2026-01-28T12:39:30.505+0000] {dag.py:3211} INFO - Sync 1 DAGs
[2026-01-28T12:39:30.531+0000] {logging_mixin.py:190} INFO - [2026-01-28T12:39:30.531+0000] {dag.py:4138} INFO - Setting next_dagrun for youtube_data_backup to 2026-02-01 00:00:00+00:00, run_after=2026-02-08 00:00:00+00:00
[2026-01-28T12:39:30.553+0000] {processor.py:208} INFO - Processing /opt/airflow/dags/backup_dag.py took 0.168 seconds
[2026-01-28T12:40:00.930+0000] {processor.py:186} INFO - Started process (PID=650) to work on /opt/airflow/dags/backup_dag.py
[2026-01-28T12:40:00.932+0000] {processor.py:914} INFO - Processing file /opt/airflow/dags/backup_dag.py for tasks to queue
[2026-01-28T12:40:00.934+0000] {logging_mixin.py:190} INFO - [2026-01-28T12:40:00.933+0000] {dagbag.py:587} INFO - Filling up the DagBag from /opt/airflow/dags/backup_dag.py
[2026-01-28T12:40:01.043+0000] {processor.py:925} INFO - DAG(s) 'youtube_data_backup' retrieved from /opt/airflow/dags/backup_dag.py
[2026-01-28T12:40:01.089+0000] {logging_mixin.py:190} INFO - [2026-01-28T12:40:01.089+0000] {dag.py:3211} INFO - Sync 1 DAGs
[2026-01-28T12:40:01.120+0000] {logging_mixin.py:190} INFO - [2026-01-28T12:40:01.120+0000] {dag.py:4138} INFO - Setting next_dagrun for youtube_data_backup to 2026-02-01 00:00:00+00:00, run_after=2026-02-08 00:00:00+00:00
[2026-01-28T12:40:01.152+0000] {processor.py:208} INFO - Processing /opt/airflow/dags/backup_dag.py took 0.230 seconds
[2026-01-28T12:40:31.447+0000] {processor.py:186} INFO - Started process (PID=665) to work on /opt/airflow/dags/backup_dag.py
[2026-01-28T12:40:31.448+0000] {processor.py:914} INFO - Processing file /opt/airflow/dags/backup_dag.py for tasks to queue
[2026-01-28T12:40:31.450+0000] {logging_mixin.py:190} INFO - [2026-01-28T12:40:31.450+0000] {dagbag.py:587} INFO - Filling up the DagBag from /opt/airflow/dags/backup_dag.py
[2026-01-28T12:40:31.623+0000] {processor.py:925} INFO - DAG(s) 'youtube_data_backup' retrieved from /opt/airflow/dags/backup_dag.py
[2026-01-28T12:40:31.680+0000] {logging_mixin.py:190} INFO - [2026-01-28T12:40:31.679+0000] {dag.py:3211} INFO - Sync 1 DAGs
[2026-01-28T12:40:31.708+0000] {logging_mixin.py:190} INFO - [2026-01-28T12:40:31.707+0000] {dag.py:4138} INFO - Setting next_dagrun for youtube_data_backup to 2026-02-01 00:00:00+00:00, run_after=2026-02-08 00:00:00+00:00
[2026-01-28T12:40:31.727+0000] {processor.py:208} INFO - Processing /opt/airflow/dags/backup_dag.py took 0.285 seconds
[2026-01-28T12:41:01.901+0000] {processor.py:186} INFO - Started process (PID=680) to work on /opt/airflow/dags/backup_dag.py
[2026-01-28T12:41:01.903+0000] {processor.py:914} INFO - Processing file /opt/airflow/dags/backup_dag.py for tasks to queue
[2026-01-28T12:41:01.904+0000] {logging_mixin.py:190} INFO - [2026-01-28T12:41:01.904+0000] {dagbag.py:587} INFO - Filling up the DagBag from /opt/airflow/dags/backup_dag.py
[2026-01-28T12:41:01.993+0000] {processor.py:925} INFO - DAG(s) 'youtube_data_backup' retrieved from /opt/airflow/dags/backup_dag.py
[2026-01-28T12:41:02.020+0000] {logging_mixin.py:190} INFO - [2026-01-28T12:41:02.019+0000] {dag.py:3211} INFO - Sync 1 DAGs
[2026-01-28T12:41:02.044+0000] {logging_mixin.py:190} INFO - [2026-01-28T12:41:02.044+0000] {dag.py:4138} INFO - Setting next_dagrun for youtube_data_backup to 2026-02-01 00:00:00+00:00, run_after=2026-02-08 00:00:00+00:00
[2026-01-28T12:41:02.069+0000] {processor.py:208} INFO - Processing /opt/airflow/dags/backup_dag.py took 0.173 seconds
[2026-01-28T12:41:32.371+0000] {processor.py:186} INFO - Started process (PID=695) to work on /opt/airflow/dags/backup_dag.py
[2026-01-28T12:41:32.402+0000] {processor.py:914} INFO - Processing file /opt/airflow/dags/backup_dag.py for tasks to queue
[2026-01-28T12:41:32.414+0000] {logging_mixin.py:190} INFO - [2026-01-28T12:41:32.413+0000] {dagbag.py:587} INFO - Filling up the DagBag from /opt/airflow/dags/backup_dag.py
[2026-01-28T12:41:32.584+0000] {processor.py:925} INFO - DAG(s) 'youtube_data_backup' retrieved from /opt/airflow/dags/backup_dag.py
[2026-01-28T12:41:32.620+0000] {logging_mixin.py:190} INFO - [2026-01-28T12:41:32.620+0000] {dag.py:3211} INFO - Sync 1 DAGs
[2026-01-28T12:41:32.645+0000] {logging_mixin.py:190} INFO - [2026-01-28T12:41:32.645+0000] {dag.py:4138} INFO - Setting next_dagrun for youtube_data_backup to 2026-02-01 00:00:00+00:00, run_after=2026-02-08 00:00:00+00:00
[2026-01-28T12:41:32.676+0000] {processor.py:208} INFO - Processing /opt/airflow/dags/backup_dag.py took 0.319 seconds
[2026-01-28T12:42:02.989+0000] {processor.py:186} INFO - Started process (PID=710) to work on /opt/airflow/dags/backup_dag.py
[2026-01-28T12:42:02.990+0000] {processor.py:914} INFO - Processing file /opt/airflow/dags/backup_dag.py for tasks to queue
[2026-01-28T12:42:02.991+0000] {logging_mixin.py:190} INFO - [2026-01-28T12:42:02.991+0000] {dagbag.py:587} INFO - Filling up the DagBag from /opt/airflow/dags/backup_dag.py
[2026-01-28T12:42:03.070+0000] {processor.py:925} INFO - DAG(s) 'youtube_data_backup' retrieved from /opt/airflow/dags/backup_dag.py
[2026-01-28T12:42:03.096+0000] {logging_mixin.py:190} INFO - [2026-01-28T12:42:03.096+0000] {dag.py:3211} INFO - Sync 1 DAGs
[2026-01-28T12:42:03.122+0000] {logging_mixin.py:190} INFO - [2026-01-28T12:42:03.121+0000] {dag.py:4138} INFO - Setting next_dagrun for youtube_data_backup to 2026-02-01 00:00:00+00:00, run_after=2026-02-08 00:00:00+00:00
[2026-01-28T12:42:03.143+0000] {processor.py:208} INFO - Processing /opt/airflow/dags/backup_dag.py took 0.159 seconds
[2026-01-28T12:42:33.519+0000] {processor.py:186} INFO - Started process (PID=725) to work on /opt/airflow/dags/backup_dag.py
[2026-01-28T12:42:33.520+0000] {processor.py:914} INFO - Processing file /opt/airflow/dags/backup_dag.py for tasks to queue
[2026-01-28T12:42:33.522+0000] {logging_mixin.py:190} INFO - [2026-01-28T12:42:33.521+0000] {dagbag.py:587} INFO - Filling up the DagBag from /opt/airflow/dags/backup_dag.py
[2026-01-28T12:42:33.603+0000] {processor.py:925} INFO - DAG(s) 'youtube_data_backup' retrieved from /opt/airflow/dags/backup_dag.py
[2026-01-28T12:42:33.634+0000] {logging_mixin.py:190} INFO - [2026-01-28T12:42:33.633+0000] {dag.py:3211} INFO - Sync 1 DAGs
[2026-01-28T12:42:33.659+0000] {logging_mixin.py:190} INFO - [2026-01-28T12:42:33.659+0000] {dag.py:4138} INFO - Setting next_dagrun for youtube_data_backup to 2026-02-01 00:00:00+00:00, run_after=2026-02-08 00:00:00+00:00
[2026-01-28T12:42:33.683+0000] {processor.py:208} INFO - Processing /opt/airflow/dags/backup_dag.py took 0.171 seconds
[2026-01-28T12:43:04.041+0000] {processor.py:186} INFO - Started process (PID=740) to work on /opt/airflow/dags/backup_dag.py
[2026-01-28T12:43:04.042+0000] {processor.py:914} INFO - Processing file /opt/airflow/dags/backup_dag.py for tasks to queue
[2026-01-28T12:43:04.044+0000] {logging_mixin.py:190} INFO - [2026-01-28T12:43:04.044+0000] {dagbag.py:587} INFO - Filling up the DagBag from /opt/airflow/dags/backup_dag.py
[2026-01-28T12:43:04.133+0000] {processor.py:925} INFO - DAG(s) 'youtube_data_backup' retrieved from /opt/airflow/dags/backup_dag.py
[2026-01-28T12:43:04.159+0000] {logging_mixin.py:190} INFO - [2026-01-28T12:43:04.158+0000] {dag.py:3211} INFO - Sync 1 DAGs
[2026-01-28T12:43:04.181+0000] {logging_mixin.py:190} INFO - [2026-01-28T12:43:04.181+0000] {dag.py:4138} INFO - Setting next_dagrun for youtube_data_backup to 2026-02-01 00:00:00+00:00, run_after=2026-02-08 00:00:00+00:00
[2026-01-28T12:43:04.203+0000] {processor.py:208} INFO - Processing /opt/airflow/dags/backup_dag.py took 0.167 seconds
[2026-01-28T12:43:34.585+0000] {processor.py:186} INFO - Started process (PID=755) to work on /opt/airflow/dags/backup_dag.py
[2026-01-28T12:43:34.587+0000] {processor.py:914} INFO - Processing file /opt/airflow/dags/backup_dag.py for tasks to queue
[2026-01-28T12:43:34.588+0000] {logging_mixin.py:190} INFO - [2026-01-28T12:43:34.588+0000] {dagbag.py:587} INFO - Filling up the DagBag from /opt/airflow/dags/backup_dag.py
[2026-01-28T12:43:34.734+0000] {processor.py:925} INFO - DAG(s) 'youtube_data_backup' retrieved from /opt/airflow/dags/backup_dag.py
[2026-01-28T12:43:34.760+0000] {logging_mixin.py:190} INFO - [2026-01-28T12:43:34.760+0000] {dag.py:3211} INFO - Sync 1 DAGs
[2026-01-28T12:43:34.784+0000] {logging_mixin.py:190} INFO - [2026-01-28T12:43:34.784+0000] {dag.py:4138} INFO - Setting next_dagrun for youtube_data_backup to 2026-02-01 00:00:00+00:00, run_after=2026-02-08 00:00:00+00:00
[2026-01-28T12:43:34.808+0000] {processor.py:208} INFO - Processing /opt/airflow/dags/backup_dag.py took 0.229 seconds
[2026-01-28T12:44:05.236+0000] {processor.py:186} INFO - Started process (PID=770) to work on /opt/airflow/dags/backup_dag.py
[2026-01-28T12:44:05.240+0000] {processor.py:914} INFO - Processing file /opt/airflow/dags/backup_dag.py for tasks to queue
[2026-01-28T12:44:05.241+0000] {logging_mixin.py:190} INFO - [2026-01-28T12:44:05.241+0000] {dagbag.py:587} INFO - Filling up the DagBag from /opt/airflow/dags/backup_dag.py
[2026-01-28T12:44:05.465+0000] {processor.py:925} INFO - DAG(s) 'youtube_data_backup' retrieved from /opt/airflow/dags/backup_dag.py
[2026-01-28T12:44:05.515+0000] {logging_mixin.py:190} INFO - [2026-01-28T12:44:05.515+0000] {dag.py:3211} INFO - Sync 1 DAGs
[2026-01-28T12:44:05.558+0000] {logging_mixin.py:190} INFO - [2026-01-28T12:44:05.558+0000] {dag.py:4138} INFO - Setting next_dagrun for youtube_data_backup to 2026-02-01 00:00:00+00:00, run_after=2026-02-08 00:00:00+00:00
[2026-01-28T12:44:05.604+0000] {processor.py:208} INFO - Processing /opt/airflow/dags/backup_dag.py took 0.375 seconds
[2026-01-28T12:44:35.832+0000] {processor.py:186} INFO - Started process (PID=785) to work on /opt/airflow/dags/backup_dag.py
[2026-01-28T12:44:35.834+0000] {processor.py:914} INFO - Processing file /opt/airflow/dags/backup_dag.py for tasks to queue
[2026-01-28T12:44:35.836+0000] {logging_mixin.py:190} INFO - [2026-01-28T12:44:35.835+0000] {dagbag.py:587} INFO - Filling up the DagBag from /opt/airflow/dags/backup_dag.py
[2026-01-28T12:44:36.030+0000] {processor.py:925} INFO - DAG(s) 'youtube_data_backup' retrieved from /opt/airflow/dags/backup_dag.py
[2026-01-28T12:44:36.076+0000] {logging_mixin.py:190} INFO - [2026-01-28T12:44:36.076+0000] {dag.py:3211} INFO - Sync 1 DAGs
[2026-01-28T12:44:36.114+0000] {logging_mixin.py:190} INFO - [2026-01-28T12:44:36.114+0000] {dag.py:4138} INFO - Setting next_dagrun for youtube_data_backup to 2026-02-01 00:00:00+00:00, run_after=2026-02-08 00:00:00+00:00
[2026-01-28T12:44:36.139+0000] {processor.py:208} INFO - Processing /opt/airflow/dags/backup_dag.py took 0.312 seconds
[2026-01-28T12:45:06.369+0000] {processor.py:186} INFO - Started process (PID=800) to work on /opt/airflow/dags/backup_dag.py
[2026-01-28T12:45:06.371+0000] {processor.py:914} INFO - Processing file /opt/airflow/dags/backup_dag.py for tasks to queue
[2026-01-28T12:45:06.374+0000] {logging_mixin.py:190} INFO - [2026-01-28T12:45:06.373+0000] {dagbag.py:587} INFO - Filling up the DagBag from /opt/airflow/dags/backup_dag.py
[2026-01-28T12:45:06.516+0000] {processor.py:925} INFO - DAG(s) 'youtube_data_backup' retrieved from /opt/airflow/dags/backup_dag.py
[2026-01-28T12:45:06.612+0000] {logging_mixin.py:190} INFO - [2026-01-28T12:45:06.609+0000] {dag.py:3211} INFO - Sync 1 DAGs
[2026-01-28T12:45:06.688+0000] {logging_mixin.py:190} INFO - [2026-01-28T12:45:06.688+0000] {dag.py:4138} INFO - Setting next_dagrun for youtube_data_backup to 2026-02-01 00:00:00+00:00, run_after=2026-02-08 00:00:00+00:00
[2026-01-28T12:45:06.723+0000] {processor.py:208} INFO - Processing /opt/airflow/dags/backup_dag.py took 0.362 seconds
[2026-01-28T12:45:36.976+0000] {processor.py:186} INFO - Started process (PID=815) to work on /opt/airflow/dags/backup_dag.py
[2026-01-28T12:45:36.977+0000] {processor.py:914} INFO - Processing file /opt/airflow/dags/backup_dag.py for tasks to queue
[2026-01-28T12:45:36.988+0000] {logging_mixin.py:190} INFO - [2026-01-28T12:45:36.978+0000] {dagbag.py:587} INFO - Filling up the DagBag from /opt/airflow/dags/backup_dag.py
[2026-01-28T12:45:37.223+0000] {processor.py:925} INFO - DAG(s) 'youtube_data_backup' retrieved from /opt/airflow/dags/backup_dag.py
[2026-01-28T12:45:37.272+0000] {logging_mixin.py:190} INFO - [2026-01-28T12:45:37.271+0000] {dag.py:3211} INFO - Sync 1 DAGs
[2026-01-28T12:45:37.308+0000] {logging_mixin.py:190} INFO - [2026-01-28T12:45:37.308+0000] {dag.py:4138} INFO - Setting next_dagrun for youtube_data_backup to 2026-02-01 00:00:00+00:00, run_after=2026-02-08 00:00:00+00:00
[2026-01-28T12:45:37.331+0000] {processor.py:208} INFO - Processing /opt/airflow/dags/backup_dag.py took 0.361 seconds
[2026-01-28T12:46:07.645+0000] {processor.py:186} INFO - Started process (PID=830) to work on /opt/airflow/dags/backup_dag.py
[2026-01-28T12:46:07.646+0000] {processor.py:914} INFO - Processing file /opt/airflow/dags/backup_dag.py for tasks to queue
[2026-01-28T12:46:07.648+0000] {logging_mixin.py:190} INFO - [2026-01-28T12:46:07.647+0000] {dagbag.py:587} INFO - Filling up the DagBag from /opt/airflow/dags/backup_dag.py
[2026-01-28T12:46:07.794+0000] {processor.py:925} INFO - DAG(s) 'youtube_data_backup' retrieved from /opt/airflow/dags/backup_dag.py
[2026-01-28T12:46:08.065+0000] {logging_mixin.py:190} INFO - [2026-01-28T12:46:08.064+0000] {dag.py:3211} INFO - Sync 1 DAGs
[2026-01-28T12:46:08.108+0000] {logging_mixin.py:190} INFO - [2026-01-28T12:46:08.108+0000] {dag.py:4138} INFO - Setting next_dagrun for youtube_data_backup to 2026-02-01 00:00:00+00:00, run_after=2026-02-08 00:00:00+00:00
[2026-01-28T12:46:08.135+0000] {processor.py:208} INFO - Processing /opt/airflow/dags/backup_dag.py took 0.498 seconds
[2026-01-28T12:46:38.246+0000] {processor.py:186} INFO - Started process (PID=845) to work on /opt/airflow/dags/backup_dag.py
[2026-01-28T12:46:38.247+0000] {processor.py:914} INFO - Processing file /opt/airflow/dags/backup_dag.py for tasks to queue
[2026-01-28T12:46:38.249+0000] {logging_mixin.py:190} INFO - [2026-01-28T12:46:38.248+0000] {dagbag.py:587} INFO - Filling up the DagBag from /opt/airflow/dags/backup_dag.py
[2026-01-28T12:46:38.330+0000] {processor.py:925} INFO - DAG(s) 'youtube_data_backup' retrieved from /opt/airflow/dags/backup_dag.py
[2026-01-28T12:46:38.359+0000] {logging_mixin.py:190} INFO - [2026-01-28T12:46:38.359+0000] {dag.py:3211} INFO - Sync 1 DAGs
[2026-01-28T12:46:38.383+0000] {logging_mixin.py:190} INFO - [2026-01-28T12:46:38.383+0000] {dag.py:4138} INFO - Setting next_dagrun for youtube_data_backup to 2026-02-01 00:00:00+00:00, run_after=2026-02-08 00:00:00+00:00
[2026-01-28T12:46:38.406+0000] {processor.py:208} INFO - Processing /opt/airflow/dags/backup_dag.py took 0.166 seconds
[2026-01-28T12:47:08.968+0000] {processor.py:186} INFO - Started process (PID=860) to work on /opt/airflow/dags/backup_dag.py
[2026-01-28T12:47:08.971+0000] {processor.py:914} INFO - Processing file /opt/airflow/dags/backup_dag.py for tasks to queue
[2026-01-28T12:47:08.973+0000] {logging_mixin.py:190} INFO - [2026-01-28T12:47:08.973+0000] {dagbag.py:587} INFO - Filling up the DagBag from /opt/airflow/dags/backup_dag.py
[2026-01-28T12:47:09.336+0000] {processor.py:925} INFO - DAG(s) 'youtube_data_backup' retrieved from /opt/airflow/dags/backup_dag.py
[2026-01-28T12:47:09.406+0000] {logging_mixin.py:190} INFO - [2026-01-28T12:47:09.406+0000] {dag.py:3211} INFO - Sync 1 DAGs
[2026-01-28T12:47:09.466+0000] {logging_mixin.py:190} INFO - [2026-01-28T12:47:09.465+0000] {dag.py:4138} INFO - Setting next_dagrun for youtube_data_backup to 2026-02-01 00:00:00+00:00, run_after=2026-02-08 00:00:00+00:00
[2026-01-28T12:47:09.551+0000] {processor.py:208} INFO - Processing /opt/airflow/dags/backup_dag.py took 0.591 seconds
[2026-01-28T12:47:40.137+0000] {processor.py:186} INFO - Started process (PID=875) to work on /opt/airflow/dags/backup_dag.py
[2026-01-28T12:47:40.138+0000] {processor.py:914} INFO - Processing file /opt/airflow/dags/backup_dag.py for tasks to queue
[2026-01-28T12:47:40.140+0000] {logging_mixin.py:190} INFO - [2026-01-28T12:47:40.139+0000] {dagbag.py:587} INFO - Filling up the DagBag from /opt/airflow/dags/backup_dag.py
[2026-01-28T12:47:40.233+0000] {processor.py:925} INFO - DAG(s) 'youtube_data_backup' retrieved from /opt/airflow/dags/backup_dag.py
[2026-01-28T12:47:40.262+0000] {logging_mixin.py:190} INFO - [2026-01-28T12:47:40.262+0000] {dag.py:3211} INFO - Sync 1 DAGs
[2026-01-28T12:47:40.289+0000] {logging_mixin.py:190} INFO - [2026-01-28T12:47:40.288+0000] {dag.py:4138} INFO - Setting next_dagrun for youtube_data_backup to 2026-02-01 00:00:00+00:00, run_after=2026-02-08 00:00:00+00:00
[2026-01-28T12:47:40.315+0000] {processor.py:208} INFO - Processing /opt/airflow/dags/backup_dag.py took 0.184 seconds
[2026-01-28T12:48:10.715+0000] {processor.py:186} INFO - Started process (PID=890) to work on /opt/airflow/dags/backup_dag.py
[2026-01-28T12:48:10.716+0000] {processor.py:914} INFO - Processing file /opt/airflow/dags/backup_dag.py for tasks to queue
[2026-01-28T12:48:10.718+0000] {logging_mixin.py:190} INFO - [2026-01-28T12:48:10.717+0000] {dagbag.py:587} INFO - Filling up the DagBag from /opt/airflow/dags/backup_dag.py
[2026-01-28T12:48:10.808+0000] {processor.py:925} INFO - DAG(s) 'youtube_data_backup' retrieved from /opt/airflow/dags/backup_dag.py
[2026-01-28T12:48:10.843+0000] {logging_mixin.py:190} INFO - [2026-01-28T12:48:10.843+0000] {dag.py:3211} INFO - Sync 1 DAGs
[2026-01-28T12:48:10.873+0000] {logging_mixin.py:190} INFO - [2026-01-28T12:48:10.873+0000] {dag.py:4138} INFO - Setting next_dagrun for youtube_data_backup to 2026-02-01 00:00:00+00:00, run_after=2026-02-08 00:00:00+00:00
[2026-01-28T12:48:10.901+0000] {processor.py:208} INFO - Processing /opt/airflow/dags/backup_dag.py took 0.191 seconds
[2026-01-28T12:48:41.584+0000] {processor.py:186} INFO - Started process (PID=905) to work on /opt/airflow/dags/backup_dag.py
[2026-01-28T12:48:41.587+0000] {processor.py:914} INFO - Processing file /opt/airflow/dags/backup_dag.py for tasks to queue
[2026-01-28T12:48:41.589+0000] {logging_mixin.py:190} INFO - [2026-01-28T12:48:41.589+0000] {dagbag.py:587} INFO - Filling up the DagBag from /opt/airflow/dags/backup_dag.py
[2026-01-28T12:48:41.824+0000] {processor.py:925} INFO - DAG(s) 'youtube_data_backup' retrieved from /opt/airflow/dags/backup_dag.py
[2026-01-28T12:48:41.891+0000] {logging_mixin.py:190} INFO - [2026-01-28T12:48:41.890+0000] {dag.py:3211} INFO - Sync 1 DAGs
[2026-01-28T12:48:41.941+0000] {logging_mixin.py:190} INFO - [2026-01-28T12:48:41.941+0000] {dag.py:4138} INFO - Setting next_dagrun for youtube_data_backup to 2026-02-01 00:00:00+00:00, run_after=2026-02-08 00:00:00+00:00
[2026-01-28T12:48:41.975+0000] {processor.py:208} INFO - Processing /opt/airflow/dags/backup_dag.py took 0.399 seconds
[2026-01-28T12:49:12.728+0000] {processor.py:186} INFO - Started process (PID=920) to work on /opt/airflow/dags/backup_dag.py
[2026-01-28T12:49:12.730+0000] {processor.py:914} INFO - Processing file /opt/airflow/dags/backup_dag.py for tasks to queue
[2026-01-28T12:49:12.732+0000] {logging_mixin.py:190} INFO - [2026-01-28T12:49:12.731+0000] {dagbag.py:587} INFO - Filling up the DagBag from /opt/airflow/dags/backup_dag.py
[2026-01-28T12:49:12.999+0000] {processor.py:925} INFO - DAG(s) 'youtube_data_backup' retrieved from /opt/airflow/dags/backup_dag.py
[2026-01-28T12:49:13.081+0000] {logging_mixin.py:190} INFO - [2026-01-28T12:49:13.080+0000] {dag.py:3211} INFO - Sync 1 DAGs
[2026-01-28T12:49:13.136+0000] {logging_mixin.py:190} INFO - [2026-01-28T12:49:13.135+0000] {dag.py:4138} INFO - Setting next_dagrun for youtube_data_backup to 2026-02-01 00:00:00+00:00, run_after=2026-02-08 00:00:00+00:00
[2026-01-28T12:49:13.178+0000] {processor.py:208} INFO - Processing /opt/airflow/dags/backup_dag.py took 0.460 seconds
[2026-01-28T12:49:43.351+0000] {processor.py:186} INFO - Started process (PID=935) to work on /opt/airflow/dags/backup_dag.py
[2026-01-28T12:49:43.352+0000] {processor.py:914} INFO - Processing file /opt/airflow/dags/backup_dag.py for tasks to queue
[2026-01-28T12:49:43.353+0000] {logging_mixin.py:190} INFO - [2026-01-28T12:49:43.353+0000] {dagbag.py:587} INFO - Filling up the DagBag from /opt/airflow/dags/backup_dag.py
[2026-01-28T12:49:43.688+0000] {processor.py:925} INFO - DAG(s) 'youtube_data_backup' retrieved from /opt/airflow/dags/backup_dag.py
[2026-01-28T12:49:43.755+0000] {logging_mixin.py:190} INFO - [2026-01-28T12:49:43.755+0000] {dag.py:3211} INFO - Sync 1 DAGs
[2026-01-28T12:49:43.814+0000] {logging_mixin.py:190} INFO - [2026-01-28T12:49:43.814+0000] {dag.py:4138} INFO - Setting next_dagrun for youtube_data_backup to 2026-02-01 00:00:00+00:00, run_after=2026-02-08 00:00:00+00:00
[2026-01-28T12:49:43.853+0000] {processor.py:208} INFO - Processing /opt/airflow/dags/backup_dag.py took 0.509 seconds
[2026-01-28T12:50:14.447+0000] {processor.py:186} INFO - Started process (PID=950) to work on /opt/airflow/dags/backup_dag.py
[2026-01-28T12:50:14.449+0000] {processor.py:914} INFO - Processing file /opt/airflow/dags/backup_dag.py for tasks to queue
[2026-01-28T12:50:14.451+0000] {logging_mixin.py:190} INFO - [2026-01-28T12:50:14.451+0000] {dagbag.py:587} INFO - Filling up the DagBag from /opt/airflow/dags/backup_dag.py
[2026-01-28T12:50:14.773+0000] {processor.py:925} INFO - DAG(s) 'youtube_data_backup' retrieved from /opt/airflow/dags/backup_dag.py
[2026-01-28T12:50:14.859+0000] {logging_mixin.py:190} INFO - [2026-01-28T12:50:14.859+0000] {dag.py:3211} INFO - Sync 1 DAGs
[2026-01-28T12:50:14.945+0000] {logging_mixin.py:190} INFO - [2026-01-28T12:50:14.945+0000] {dag.py:4138} INFO - Setting next_dagrun for youtube_data_backup to 2026-02-01 00:00:00+00:00, run_after=2026-02-08 00:00:00+00:00
[2026-01-28T12:50:15.002+0000] {processor.py:208} INFO - Processing /opt/airflow/dags/backup_dag.py took 0.566 seconds
[2026-01-28T12:50:45.523+0000] {processor.py:186} INFO - Started process (PID=965) to work on /opt/airflow/dags/backup_dag.py
[2026-01-28T12:50:45.525+0000] {processor.py:914} INFO - Processing file /opt/airflow/dags/backup_dag.py for tasks to queue
[2026-01-28T12:50:45.527+0000] {logging_mixin.py:190} INFO - [2026-01-28T12:50:45.526+0000] {dagbag.py:587} INFO - Filling up the DagBag from /opt/airflow/dags/backup_dag.py
[2026-01-28T12:50:45.758+0000] {processor.py:925} INFO - DAG(s) 'youtube_data_backup' retrieved from /opt/airflow/dags/backup_dag.py
[2026-01-28T12:50:45.806+0000] {logging_mixin.py:190} INFO - [2026-01-28T12:50:45.806+0000] {dag.py:3211} INFO - Sync 1 DAGs
[2026-01-28T12:50:45.847+0000] {logging_mixin.py:190} INFO - [2026-01-28T12:50:45.847+0000] {dag.py:4138} INFO - Setting next_dagrun for youtube_data_backup to 2026-02-01 00:00:00+00:00, run_after=2026-02-08 00:00:00+00:00
[2026-01-28T12:50:45.877+0000] {processor.py:208} INFO - Processing /opt/airflow/dags/backup_dag.py took 0.360 seconds
[2026-01-28T12:51:16.353+0000] {processor.py:186} INFO - Started process (PID=980) to work on /opt/airflow/dags/backup_dag.py
[2026-01-28T12:51:16.354+0000] {processor.py:914} INFO - Processing file /opt/airflow/dags/backup_dag.py for tasks to queue
[2026-01-28T12:51:16.355+0000] {logging_mixin.py:190} INFO - [2026-01-28T12:51:16.355+0000] {dagbag.py:587} INFO - Filling up the DagBag from /opt/airflow/dags/backup_dag.py
[2026-01-28T12:51:16.500+0000] {processor.py:925} INFO - DAG(s) 'youtube_data_backup' retrieved from /opt/airflow/dags/backup_dag.py
[2026-01-28T12:51:16.539+0000] {logging_mixin.py:190} INFO - [2026-01-28T12:51:16.538+0000] {dag.py:3211} INFO - Sync 1 DAGs
[2026-01-28T12:51:16.584+0000] {logging_mixin.py:190} INFO - [2026-01-28T12:51:16.584+0000] {dag.py:4138} INFO - Setting next_dagrun for youtube_data_backup to 2026-02-01 00:00:00+00:00, run_after=2026-02-08 00:00:00+00:00
[2026-01-28T12:51:16.609+0000] {processor.py:208} INFO - Processing /opt/airflow/dags/backup_dag.py took 0.265 seconds
[2026-01-28T12:51:47.051+0000] {processor.py:186} INFO - Started process (PID=995) to work on /opt/airflow/dags/backup_dag.py
[2026-01-28T12:51:47.054+0000] {processor.py:914} INFO - Processing file /opt/airflow/dags/backup_dag.py for tasks to queue
[2026-01-28T12:51:47.057+0000] {logging_mixin.py:190} INFO - [2026-01-28T12:51:47.056+0000] {dagbag.py:587} INFO - Filling up the DagBag from /opt/airflow/dags/backup_dag.py
[2026-01-28T12:51:47.829+0000] {processor.py:925} INFO - DAG(s) 'youtube_data_backup' retrieved from /opt/airflow/dags/backup_dag.py
[2026-01-28T12:51:47.918+0000] {logging_mixin.py:190} INFO - [2026-01-28T12:51:47.918+0000] {dag.py:3211} INFO - Sync 1 DAGs
[2026-01-28T12:51:48.033+0000] {logging_mixin.py:190} INFO - [2026-01-28T12:51:48.033+0000] {dag.py:4138} INFO - Setting next_dagrun for youtube_data_backup to 2026-02-01 00:00:00+00:00, run_after=2026-02-08 00:00:00+00:00
[2026-01-28T12:51:48.243+0000] {processor.py:208} INFO - Processing /opt/airflow/dags/backup_dag.py took 1.210 seconds
[2026-01-28T12:52:18.630+0000] {processor.py:186} INFO - Started process (PID=1010) to work on /opt/airflow/dags/backup_dag.py
[2026-01-28T12:52:18.633+0000] {processor.py:914} INFO - Processing file /opt/airflow/dags/backup_dag.py for tasks to queue
[2026-01-28T12:52:18.636+0000] {logging_mixin.py:190} INFO - [2026-01-28T12:52:18.635+0000] {dagbag.py:587} INFO - Filling up the DagBag from /opt/airflow/dags/backup_dag.py
[2026-01-28T12:52:18.830+0000] {processor.py:925} INFO - DAG(s) 'youtube_data_backup' retrieved from /opt/airflow/dags/backup_dag.py
[2026-01-28T12:52:18.868+0000] {logging_mixin.py:190} INFO - [2026-01-28T12:52:18.868+0000] {dag.py:3211} INFO - Sync 1 DAGs
[2026-01-28T12:52:18.904+0000] {logging_mixin.py:190} INFO - [2026-01-28T12:52:18.904+0000] {dag.py:4138} INFO - Setting next_dagrun for youtube_data_backup to 2026-02-01 00:00:00+00:00, run_after=2026-02-08 00:00:00+00:00
[2026-01-28T12:52:18.934+0000] {processor.py:208} INFO - Processing /opt/airflow/dags/backup_dag.py took 0.312 seconds
[2026-01-28T12:52:49.195+0000] {processor.py:186} INFO - Started process (PID=1025) to work on /opt/airflow/dags/backup_dag.py
[2026-01-28T12:52:49.197+0000] {processor.py:914} INFO - Processing file /opt/airflow/dags/backup_dag.py for tasks to queue
[2026-01-28T12:52:49.198+0000] {logging_mixin.py:190} INFO - [2026-01-28T12:52:49.198+0000] {dagbag.py:587} INFO - Filling up the DagBag from /opt/airflow/dags/backup_dag.py
[2026-01-28T12:52:49.355+0000] {processor.py:925} INFO - DAG(s) 'youtube_data_backup' retrieved from /opt/airflow/dags/backup_dag.py
[2026-01-28T12:52:49.413+0000] {logging_mixin.py:190} INFO - [2026-01-28T12:52:49.412+0000] {dag.py:3211} INFO - Sync 1 DAGs
[2026-01-28T12:52:49.444+0000] {logging_mixin.py:190} INFO - [2026-01-28T12:52:49.444+0000] {dag.py:4138} INFO - Setting next_dagrun for youtube_data_backup to 2026-02-01 00:00:00+00:00, run_after=2026-02-08 00:00:00+00:00
[2026-01-28T12:52:49.487+0000] {processor.py:208} INFO - Processing /opt/airflow/dags/backup_dag.py took 0.297 seconds
[2026-01-28T12:53:19.650+0000] {processor.py:186} INFO - Started process (PID=1040) to work on /opt/airflow/dags/backup_dag.py
[2026-01-28T12:53:19.651+0000] {processor.py:914} INFO - Processing file /opt/airflow/dags/backup_dag.py for tasks to queue
[2026-01-28T12:53:19.653+0000] {logging_mixin.py:190} INFO - [2026-01-28T12:53:19.652+0000] {dagbag.py:587} INFO - Filling up the DagBag from /opt/airflow/dags/backup_dag.py
[2026-01-28T12:53:19.841+0000] {processor.py:925} INFO - DAG(s) 'youtube_data_backup' retrieved from /opt/airflow/dags/backup_dag.py
[2026-01-28T12:53:19.903+0000] {logging_mixin.py:190} INFO - [2026-01-28T12:53:19.903+0000] {dag.py:3211} INFO - Sync 1 DAGs
[2026-01-28T12:53:19.939+0000] {logging_mixin.py:190} INFO - [2026-01-28T12:53:19.939+0000] {dag.py:4138} INFO - Setting next_dagrun for youtube_data_backup to 2026-02-01 00:00:00+00:00, run_after=2026-02-08 00:00:00+00:00
[2026-01-28T12:53:19.972+0000] {processor.py:208} INFO - Processing /opt/airflow/dags/backup_dag.py took 0.328 seconds
[2026-01-28T12:53:50.151+0000] {processor.py:186} INFO - Started process (PID=1055) to work on /opt/airflow/dags/backup_dag.py
[2026-01-28T12:53:50.153+0000] {processor.py:914} INFO - Processing file /opt/airflow/dags/backup_dag.py for tasks to queue
[2026-01-28T12:53:50.155+0000] {logging_mixin.py:190} INFO - [2026-01-28T12:53:50.154+0000] {dagbag.py:587} INFO - Filling up the DagBag from /opt/airflow/dags/backup_dag.py
[2026-01-28T12:53:50.255+0000] {processor.py:925} INFO - DAG(s) 'youtube_data_backup' retrieved from /opt/airflow/dags/backup_dag.py
[2026-01-28T12:53:50.298+0000] {logging_mixin.py:190} INFO - [2026-01-28T12:53:50.298+0000] {dag.py:3211} INFO - Sync 1 DAGs
[2026-01-28T12:53:50.325+0000] {logging_mixin.py:190} INFO - [2026-01-28T12:53:50.324+0000] {dag.py:4138} INFO - Setting next_dagrun for youtube_data_backup to 2026-02-01 00:00:00+00:00, run_after=2026-02-08 00:00:00+00:00
[2026-01-28T12:53:50.343+0000] {processor.py:208} INFO - Processing /opt/airflow/dags/backup_dag.py took 0.201 seconds
[2026-01-28T12:54:20.985+0000] {processor.py:186} INFO - Started process (PID=1070) to work on /opt/airflow/dags/backup_dag.py
[2026-01-28T12:54:20.987+0000] {processor.py:914} INFO - Processing file /opt/airflow/dags/backup_dag.py for tasks to queue
[2026-01-28T12:54:20.989+0000] {logging_mixin.py:190} INFO - [2026-01-28T12:54:20.988+0000] {dagbag.py:587} INFO - Filling up the DagBag from /opt/airflow/dags/backup_dag.py
[2026-01-28T12:54:21.154+0000] {processor.py:925} INFO - DAG(s) 'youtube_data_backup' retrieved from /opt/airflow/dags/backup_dag.py
[2026-01-28T12:54:21.194+0000] {logging_mixin.py:190} INFO - [2026-01-28T12:54:21.194+0000] {dag.py:3211} INFO - Sync 1 DAGs
[2026-01-28T12:54:21.227+0000] {logging_mixin.py:190} INFO - [2026-01-28T12:54:21.227+0000] {dag.py:4138} INFO - Setting next_dagrun for youtube_data_backup to 2026-02-01 00:00:00+00:00, run_after=2026-02-08 00:00:00+00:00
[2026-01-28T12:54:21.255+0000] {processor.py:208} INFO - Processing /opt/airflow/dags/backup_dag.py took 0.279 seconds
[2026-01-28T12:54:51.514+0000] {processor.py:186} INFO - Started process (PID=1085) to work on /opt/airflow/dags/backup_dag.py
[2026-01-28T12:54:51.515+0000] {processor.py:914} INFO - Processing file /opt/airflow/dags/backup_dag.py for tasks to queue
[2026-01-28T12:54:51.517+0000] {logging_mixin.py:190} INFO - [2026-01-28T12:54:51.516+0000] {dagbag.py:587} INFO - Filling up the DagBag from /opt/airflow/dags/backup_dag.py
[2026-01-28T12:54:51.638+0000] {processor.py:925} INFO - DAG(s) 'youtube_data_backup' retrieved from /opt/airflow/dags/backup_dag.py
[2026-01-28T12:54:51.667+0000] {logging_mixin.py:190} INFO - [2026-01-28T12:54:51.667+0000] {dag.py:3211} INFO - Sync 1 DAGs
[2026-01-28T12:54:51.691+0000] {logging_mixin.py:190} INFO - [2026-01-28T12:54:51.690+0000] {dag.py:4138} INFO - Setting next_dagrun for youtube_data_backup to 2026-02-01 00:00:00+00:00, run_after=2026-02-08 00:00:00+00:00
[2026-01-28T12:54:51.714+0000] {processor.py:208} INFO - Processing /opt/airflow/dags/backup_dag.py took 0.206 seconds
[2026-01-28T12:55:22.336+0000] {processor.py:186} INFO - Started process (PID=1100) to work on /opt/airflow/dags/backup_dag.py
[2026-01-28T12:55:22.337+0000] {processor.py:914} INFO - Processing file /opt/airflow/dags/backup_dag.py for tasks to queue
[2026-01-28T12:55:22.339+0000] {logging_mixin.py:190} INFO - [2026-01-28T12:55:22.338+0000] {dagbag.py:587} INFO - Filling up the DagBag from /opt/airflow/dags/backup_dag.py
[2026-01-28T12:55:22.442+0000] {processor.py:925} INFO - DAG(s) 'youtube_data_backup' retrieved from /opt/airflow/dags/backup_dag.py
[2026-01-28T12:55:22.480+0000] {logging_mixin.py:190} INFO - [2026-01-28T12:55:22.480+0000] {dag.py:3211} INFO - Sync 1 DAGs
[2026-01-28T12:55:22.514+0000] {logging_mixin.py:190} INFO - [2026-01-28T12:55:22.514+0000] {dag.py:4138} INFO - Setting next_dagrun for youtube_data_backup to 2026-02-01 00:00:00+00:00, run_after=2026-02-08 00:00:00+00:00
[2026-01-28T12:55:22.537+0000] {processor.py:208} INFO - Processing /opt/airflow/dags/backup_dag.py took 0.208 seconds
[2026-01-28T12:55:52.799+0000] {processor.py:186} INFO - Started process (PID=1115) to work on /opt/airflow/dags/backup_dag.py
[2026-01-28T12:55:52.800+0000] {processor.py:914} INFO - Processing file /opt/airflow/dags/backup_dag.py for tasks to queue
[2026-01-28T12:55:52.802+0000] {logging_mixin.py:190} INFO - [2026-01-28T12:55:52.801+0000] {dagbag.py:587} INFO - Filling up the DagBag from /opt/airflow/dags/backup_dag.py
[2026-01-28T12:55:53.067+0000] {processor.py:925} INFO - DAG(s) 'youtube_data_backup' retrieved from /opt/airflow/dags/backup_dag.py
[2026-01-28T12:55:53.139+0000] {logging_mixin.py:190} INFO - [2026-01-28T12:55:53.139+0000] {dag.py:3211} INFO - Sync 1 DAGs
[2026-01-28T12:55:53.191+0000] {logging_mixin.py:190} INFO - [2026-01-28T12:55:53.191+0000] {dag.py:4138} INFO - Setting next_dagrun for youtube_data_backup to 2026-02-01 00:00:00+00:00, run_after=2026-02-08 00:00:00+00:00
[2026-01-28T12:55:53.218+0000] {processor.py:208} INFO - Processing /opt/airflow/dags/backup_dag.py took 0.425 seconds
[2026-01-28T12:56:23.343+0000] {processor.py:186} INFO - Started process (PID=1130) to work on /opt/airflow/dags/backup_dag.py
[2026-01-28T12:56:23.345+0000] {processor.py:914} INFO - Processing file /opt/airflow/dags/backup_dag.py for tasks to queue
[2026-01-28T12:56:23.346+0000] {logging_mixin.py:190} INFO - [2026-01-28T12:56:23.346+0000] {dagbag.py:587} INFO - Filling up the DagBag from /opt/airflow/dags/backup_dag.py
[2026-01-28T12:56:23.440+0000] {processor.py:925} INFO - DAG(s) 'youtube_data_backup' retrieved from /opt/airflow/dags/backup_dag.py
[2026-01-28T12:56:23.471+0000] {logging_mixin.py:190} INFO - [2026-01-28T12:56:23.471+0000] {dag.py:3211} INFO - Sync 1 DAGs
[2026-01-28T12:56:23.500+0000] {logging_mixin.py:190} INFO - [2026-01-28T12:56:23.500+0000] {dag.py:4138} INFO - Setting next_dagrun for youtube_data_backup to 2026-02-01 00:00:00+00:00, run_after=2026-02-08 00:00:00+00:00
[2026-01-28T12:56:23.522+0000] {processor.py:208} INFO - Processing /opt/airflow/dags/backup_dag.py took 0.186 seconds
[2026-01-28T12:56:53.796+0000] {processor.py:186} INFO - Started process (PID=1145) to work on /opt/airflow/dags/backup_dag.py
[2026-01-28T12:56:53.798+0000] {processor.py:914} INFO - Processing file /opt/airflow/dags/backup_dag.py for tasks to queue
[2026-01-28T12:56:53.801+0000] {logging_mixin.py:190} INFO - [2026-01-28T12:56:53.800+0000] {dagbag.py:587} INFO - Filling up the DagBag from /opt/airflow/dags/backup_dag.py
[2026-01-28T12:56:53.940+0000] {processor.py:925} INFO - DAG(s) 'youtube_data_backup' retrieved from /opt/airflow/dags/backup_dag.py
[2026-01-28T12:56:53.976+0000] {logging_mixin.py:190} INFO - [2026-01-28T12:56:53.975+0000] {dag.py:3211} INFO - Sync 1 DAGs
[2026-01-28T12:56:54.003+0000] {logging_mixin.py:190} INFO - [2026-01-28T12:56:54.003+0000] {dag.py:4138} INFO - Setting next_dagrun for youtube_data_backup to 2026-02-01 00:00:00+00:00, run_after=2026-02-08 00:00:00+00:00
[2026-01-28T12:56:54.027+0000] {processor.py:208} INFO - Processing /opt/airflow/dags/backup_dag.py took 0.238 seconds
[2026-01-28T12:57:24.426+0000] {processor.py:186} INFO - Started process (PID=1160) to work on /opt/airflow/dags/backup_dag.py
[2026-01-28T12:57:24.427+0000] {processor.py:914} INFO - Processing file /opt/airflow/dags/backup_dag.py for tasks to queue
[2026-01-28T12:57:24.429+0000] {logging_mixin.py:190} INFO - [2026-01-28T12:57:24.428+0000] {dagbag.py:587} INFO - Filling up the DagBag from /opt/airflow/dags/backup_dag.py
[2026-01-28T12:57:24.531+0000] {processor.py:925} INFO - DAG(s) 'youtube_data_backup' retrieved from /opt/airflow/dags/backup_dag.py
[2026-01-28T12:57:24.564+0000] {logging_mixin.py:190} INFO - [2026-01-28T12:57:24.564+0000] {dag.py:3211} INFO - Sync 1 DAGs
[2026-01-28T12:57:24.590+0000] {logging_mixin.py:190} INFO - [2026-01-28T12:57:24.590+0000] {dag.py:4138} INFO - Setting next_dagrun for youtube_data_backup to 2026-02-01 00:00:00+00:00, run_after=2026-02-08 00:00:00+00:00
[2026-01-28T12:57:24.617+0000] {processor.py:208} INFO - Processing /opt/airflow/dags/backup_dag.py took 0.197 seconds
[2026-01-28T12:57:55.138+0000] {processor.py:186} INFO - Started process (PID=1175) to work on /opt/airflow/dags/backup_dag.py
[2026-01-28T12:57:55.140+0000] {processor.py:914} INFO - Processing file /opt/airflow/dags/backup_dag.py for tasks to queue
[2026-01-28T12:57:55.141+0000] {logging_mixin.py:190} INFO - [2026-01-28T12:57:55.141+0000] {dagbag.py:587} INFO - Filling up the DagBag from /opt/airflow/dags/backup_dag.py
[2026-01-28T12:57:55.245+0000] {processor.py:925} INFO - DAG(s) 'youtube_data_backup' retrieved from /opt/airflow/dags/backup_dag.py
[2026-01-28T12:57:55.277+0000] {logging_mixin.py:190} INFO - [2026-01-28T12:57:55.277+0000] {dag.py:3211} INFO - Sync 1 DAGs
[2026-01-28T12:57:55.307+0000] {logging_mixin.py:190} INFO - [2026-01-28T12:57:55.307+0000] {dag.py:4138} INFO - Setting next_dagrun for youtube_data_backup to 2026-02-01 00:00:00+00:00, run_after=2026-02-08 00:00:00+00:00
[2026-01-28T12:57:55.339+0000] {processor.py:208} INFO - Processing /opt/airflow/dags/backup_dag.py took 0.212 seconds
[2026-01-28T12:58:25.709+0000] {processor.py:186} INFO - Started process (PID=1190) to work on /opt/airflow/dags/backup_dag.py
[2026-01-28T12:58:25.711+0000] {processor.py:914} INFO - Processing file /opt/airflow/dags/backup_dag.py for tasks to queue
[2026-01-28T12:58:25.713+0000] {logging_mixin.py:190} INFO - [2026-01-28T12:58:25.712+0000] {dagbag.py:587} INFO - Filling up the DagBag from /opt/airflow/dags/backup_dag.py
[2026-01-28T12:58:25.841+0000] {processor.py:925} INFO - DAG(s) 'youtube_data_backup' retrieved from /opt/airflow/dags/backup_dag.py
[2026-01-28T12:58:25.881+0000] {logging_mixin.py:190} INFO - [2026-01-28T12:58:25.881+0000] {dag.py:3211} INFO - Sync 1 DAGs
[2026-01-28T12:58:25.915+0000] {logging_mixin.py:190} INFO - [2026-01-28T12:58:25.915+0000] {dag.py:4138} INFO - Setting next_dagrun for youtube_data_backup to 2026-02-01 00:00:00+00:00, run_after=2026-02-08 00:00:00+00:00
[2026-01-28T12:58:25.944+0000] {processor.py:208} INFO - Processing /opt/airflow/dags/backup_dag.py took 0.242 seconds
[2026-01-28T12:58:56.020+0000] {processor.py:186} INFO - Started process (PID=1205) to work on /opt/airflow/dags/backup_dag.py
[2026-01-28T12:58:56.021+0000] {processor.py:914} INFO - Processing file /opt/airflow/dags/backup_dag.py for tasks to queue
[2026-01-28T12:58:56.023+0000] {logging_mixin.py:190} INFO - [2026-01-28T12:58:56.023+0000] {dagbag.py:587} INFO - Filling up the DagBag from /opt/airflow/dags/backup_dag.py
[2026-01-28T12:58:56.244+0000] {processor.py:925} INFO - DAG(s) 'youtube_data_backup' retrieved from /opt/airflow/dags/backup_dag.py
[2026-01-28T12:58:56.286+0000] {logging_mixin.py:190} INFO - [2026-01-28T12:58:56.286+0000] {dag.py:3211} INFO - Sync 1 DAGs
[2026-01-28T12:58:56.320+0000] {logging_mixin.py:190} INFO - [2026-01-28T12:58:56.320+0000] {dag.py:4138} INFO - Setting next_dagrun for youtube_data_backup to 2026-02-01 00:00:00+00:00, run_after=2026-02-08 00:00:00+00:00
[2026-01-28T12:58:56.346+0000] {processor.py:208} INFO - Processing /opt/airflow/dags/backup_dag.py took 0.333 seconds
[2026-01-28T12:59:26.868+0000] {processor.py:186} INFO - Started process (PID=1220) to work on /opt/airflow/dags/backup_dag.py
[2026-01-28T12:59:26.870+0000] {processor.py:914} INFO - Processing file /opt/airflow/dags/backup_dag.py for tasks to queue
[2026-01-28T12:59:26.872+0000] {logging_mixin.py:190} INFO - [2026-01-28T12:59:26.871+0000] {dagbag.py:587} INFO - Filling up the DagBag from /opt/airflow/dags/backup_dag.py
[2026-01-28T12:59:27.008+0000] {processor.py:925} INFO - DAG(s) 'youtube_data_backup' retrieved from /opt/airflow/dags/backup_dag.py
[2026-01-28T12:59:27.046+0000] {logging_mixin.py:190} INFO - [2026-01-28T12:59:27.045+0000] {dag.py:3211} INFO - Sync 1 DAGs
[2026-01-28T12:59:27.076+0000] {logging_mixin.py:190} INFO - [2026-01-28T12:59:27.075+0000] {dag.py:4138} INFO - Setting next_dagrun for youtube_data_backup to 2026-02-01 00:00:00+00:00, run_after=2026-02-08 00:00:00+00:00
[2026-01-28T12:59:27.098+0000] {processor.py:208} INFO - Processing /opt/airflow/dags/backup_dag.py took 0.237 seconds
[2026-01-28T12:59:57.545+0000] {processor.py:186} INFO - Started process (PID=1235) to work on /opt/airflow/dags/backup_dag.py
[2026-01-28T12:59:57.547+0000] {processor.py:914} INFO - Processing file /opt/airflow/dags/backup_dag.py for tasks to queue
[2026-01-28T12:59:57.548+0000] {logging_mixin.py:190} INFO - [2026-01-28T12:59:57.548+0000] {dagbag.py:587} INFO - Filling up the DagBag from /opt/airflow/dags/backup_dag.py
[2026-01-28T12:59:57.629+0000] {processor.py:925} INFO - DAG(s) 'youtube_data_backup' retrieved from /opt/airflow/dags/backup_dag.py
[2026-01-28T12:59:57.655+0000] {logging_mixin.py:190} INFO - [2026-01-28T12:59:57.655+0000] {dag.py:3211} INFO - Sync 1 DAGs
[2026-01-28T12:59:57.679+0000] {logging_mixin.py:190} INFO - [2026-01-28T12:59:57.679+0000] {dag.py:4138} INFO - Setting next_dagrun for youtube_data_backup to 2026-02-01 00:00:00+00:00, run_after=2026-02-08 00:00:00+00:00
[2026-01-28T12:59:57.702+0000] {processor.py:208} INFO - Processing /opt/airflow/dags/backup_dag.py took 0.163 seconds
[2026-01-28T13:00:28.135+0000] {processor.py:186} INFO - Started process (PID=1250) to work on /opt/airflow/dags/backup_dag.py
[2026-01-28T13:00:28.136+0000] {processor.py:914} INFO - Processing file /opt/airflow/dags/backup_dag.py for tasks to queue
[2026-01-28T13:00:28.138+0000] {logging_mixin.py:190} INFO - [2026-01-28T13:00:28.137+0000] {dagbag.py:587} INFO - Filling up the DagBag from /opt/airflow/dags/backup_dag.py
[2026-01-28T13:00:28.272+0000] {processor.py:925} INFO - DAG(s) 'youtube_data_backup' retrieved from /opt/airflow/dags/backup_dag.py
[2026-01-28T13:00:28.316+0000] {logging_mixin.py:190} INFO - [2026-01-28T13:00:28.315+0000] {dag.py:3211} INFO - Sync 1 DAGs
[2026-01-28T13:00:28.340+0000] {logging_mixin.py:190} INFO - [2026-01-28T13:00:28.339+0000] {dag.py:4138} INFO - Setting next_dagrun for youtube_data_backup to 2026-02-01 00:00:00+00:00, run_after=2026-02-08 00:00:00+00:00
[2026-01-28T13:00:28.358+0000] {processor.py:208} INFO - Processing /opt/airflow/dags/backup_dag.py took 0.228 seconds
[2026-01-28T13:00:59.022+0000] {processor.py:186} INFO - Started process (PID=1265) to work on /opt/airflow/dags/backup_dag.py
[2026-01-28T13:00:59.058+0000] {processor.py:914} INFO - Processing file /opt/airflow/dags/backup_dag.py for tasks to queue
[2026-01-28T13:00:59.068+0000] {logging_mixin.py:190} INFO - [2026-01-28T13:00:59.067+0000] {dagbag.py:587} INFO - Filling up the DagBag from /opt/airflow/dags/backup_dag.py
[2026-01-28T13:01:00.722+0000] {processor.py:925} INFO - DAG(s) 'youtube_data_backup' retrieved from /opt/airflow/dags/backup_dag.py
[2026-01-28T13:01:00.921+0000] {logging_mixin.py:190} INFO - [2026-01-28T13:01:00.921+0000] {dag.py:3211} INFO - Sync 1 DAGs
[2026-01-28T13:01:01.150+0000] {logging_mixin.py:190} INFO - [2026-01-28T13:01:01.149+0000] {dag.py:4138} INFO - Setting next_dagrun for youtube_data_backup to 2026-02-01 00:00:00+00:00, run_after=2026-02-08 00:00:00+00:00
[2026-01-28T13:01:01.306+0000] {processor.py:208} INFO - Processing /opt/airflow/dags/backup_dag.py took 2.310 seconds
[2026-01-28T13:01:32.084+0000] {processor.py:186} INFO - Started process (PID=1280) to work on /opt/airflow/dags/backup_dag.py
[2026-01-28T13:01:32.085+0000] {processor.py:914} INFO - Processing file /opt/airflow/dags/backup_dag.py for tasks to queue
[2026-01-28T13:01:32.087+0000] {logging_mixin.py:190} INFO - [2026-01-28T13:01:32.087+0000] {dagbag.py:587} INFO - Filling up the DagBag from /opt/airflow/dags/backup_dag.py
[2026-01-28T13:01:32.321+0000] {processor.py:925} INFO - DAG(s) 'youtube_data_backup' retrieved from /opt/airflow/dags/backup_dag.py
[2026-01-28T13:01:32.369+0000] {logging_mixin.py:190} INFO - [2026-01-28T13:01:32.369+0000] {dag.py:3211} INFO - Sync 1 DAGs
[2026-01-28T13:01:32.410+0000] {logging_mixin.py:190} INFO - [2026-01-28T13:01:32.410+0000] {dag.py:4138} INFO - Setting next_dagrun for youtube_data_backup to 2026-02-01 00:00:00+00:00, run_after=2026-02-08 00:00:00+00:00
[2026-01-28T13:01:32.438+0000] {processor.py:208} INFO - Processing /opt/airflow/dags/backup_dag.py took 0.360 seconds
[2026-01-28T13:02:02.591+0000] {processor.py:186} INFO - Started process (PID=1295) to work on /opt/airflow/dags/backup_dag.py
[2026-01-28T13:02:02.595+0000] {processor.py:914} INFO - Processing file /opt/airflow/dags/backup_dag.py for tasks to queue
[2026-01-28T13:02:02.601+0000] {logging_mixin.py:190} INFO - [2026-01-28T13:02:02.600+0000] {dagbag.py:587} INFO - Filling up the DagBag from /opt/airflow/dags/backup_dag.py
[2026-01-28T13:02:02.897+0000] {processor.py:925} INFO - DAG(s) 'youtube_data_backup' retrieved from /opt/airflow/dags/backup_dag.py
[2026-01-28T13:02:02.969+0000] {logging_mixin.py:190} INFO - [2026-01-28T13:02:02.968+0000] {dag.py:3211} INFO - Sync 1 DAGs
[2026-01-28T13:02:03.025+0000] {logging_mixin.py:190} INFO - [2026-01-28T13:02:03.025+0000] {dag.py:4138} INFO - Setting next_dagrun for youtube_data_backup to 2026-02-01 00:00:00+00:00, run_after=2026-02-08 00:00:00+00:00
[2026-01-28T13:02:03.054+0000] {processor.py:208} INFO - Processing /opt/airflow/dags/backup_dag.py took 0.482 seconds
[2026-01-28T13:02:33.438+0000] {processor.py:186} INFO - Started process (PID=1310) to work on /opt/airflow/dags/backup_dag.py
[2026-01-28T13:02:33.460+0000] {processor.py:914} INFO - Processing file /opt/airflow/dags/backup_dag.py for tasks to queue
[2026-01-28T13:02:33.474+0000] {logging_mixin.py:190} INFO - [2026-01-28T13:02:33.473+0000] {dagbag.py:587} INFO - Filling up the DagBag from /opt/airflow/dags/backup_dag.py
[2026-01-28T13:02:35.229+0000] {processor.py:925} INFO - DAG(s) 'youtube_data_backup' retrieved from /opt/airflow/dags/backup_dag.py
[2026-01-28T13:02:35.405+0000] {logging_mixin.py:190} INFO - [2026-01-28T13:02:35.396+0000] {dag.py:3211} INFO - Sync 1 DAGs
[2026-01-28T13:02:35.492+0000] {logging_mixin.py:190} INFO - [2026-01-28T13:02:35.483+0000] {dag.py:4138} INFO - Setting next_dagrun for youtube_data_backup to 2026-02-01 00:00:00+00:00, run_after=2026-02-08 00:00:00+00:00
[2026-01-28T13:02:35.659+0000] {processor.py:208} INFO - Processing /opt/airflow/dags/backup_dag.py took 2.234 seconds
